============================= test session starts =============================
platform win32 -- Python 3.13.7, pytest-8.4.2, pluggy-1.6.0
benchmark: 5.1.0 (defaults: timer=time.perf_counter disable_gc=False min_rounds=5 min_time=0.000005 max_time=1.0 calibration_precision=10 warmup=False warmup_iterations=100000)
rootdir: D:\Projects\main\DIP_SMC_PSO
configfile: pytest.ini
plugins: hypothesis-6.138.15, benchmark-5.1.0
collected 157 items

test_sample.py .                                                         [  0%]
tests\config_validation\test_config_validation.py .....F..               [  5%]
tests\test_app\test_cli.py FF..F..F..                                    [ 12%]
tests\test_app\test_data_export.py F..                                   [ 14%]
tests\test_app\test_streamlit_app.py .                                   [ 14%]
tests\test_app\test_ui.py ..                                             [ 15%]
tests\test_app\test_visualization.py .                                   [ 16%]
tests\test_benchmarks\test_performance.py FEFEFEFFFFFF                   [ 22%]
tests\test_benchmarks\test_statistical_benchmarks.py F                   [ 22%]
tests\test_controllers\test_adaptive_smc.py EEE                          [ 24%]
tests\test_controllers\test_classical_smc.py ...                         [ 26%]
tests\test_controllers\test_controller_basics.py F....                   [ 29%]
tests\test_controllers\test_factory_dynamics_consolidated.py F           [ 30%]
tests\test_controllers\test_hybrid_adaptation_unit.py .....              [ 33%]
tests\test_controllers\test_hybrid_adaptive_sta_smc.py E                 [ 34%]
tests\test_controllers\test_hybrid_extra.py ......FFFFF                  [ 41%]
tests\test_controllers\test_mpc_consolidated.py F                        [ 42%]
tests\test_controllers\test_mpc_controller.py ..                         [ 43%]
tests\test_controllers\test_smc_guardrails_consolidated.py F             [ 43%]
tests\test_controllers\test_sta_smc.py EE...                             [ 47%]
tests\test_controllers\test_swing_up_smc.py ...                          [ 49%]
tests\test_core\test_config.py FEEEE..                                   [ 53%]
tests\test_core\test_determinism.py F                                    [ 54%]
tests\test_core\test_dynamics.py EEEE...FF.                              [ 60%]
tests\test_core\test_dynamics_extra.py FFFFFF                            [ 64%]
tests\test_core\test_dynamics_full_integration.py F.                     [ 65%]
tests\test_core\test_dynamics_lowrank.py ...                             [ 67%]
tests\test_core\test_factory.py ...                                      [ 69%]
tests\test_core\test_interfaces.py E                                     [ 70%]
tests\test_core\test_latency_and_logging.py .F                           [ 71%]
tests\test_core\test_lyapunov.py E                                       [ 71%]
tests\test_core\test_simulation.py ........                              [ 77%]
tests\test_core\test_stateful_simulation.py .                            [ 77%]
tests\test_fault_detection\test_fdi.py ....                              [ 80%]
tests\test_hil\test_hil.py .....                                         [ 83%]
tests\test_integration\test_settings_precedence.py FFF                   [ 85%]
tests\test_logging_no_basicconfig.py F                                   [ 85%]
tests\test_mpl_enforcement.py ..                                         [ 87%]
tests\test_optimizer\test_cli_determinism.py F                           [ 87%]
tests\test_optimizer\test_pso_core.py .......                            [ 92%]
tests\test_optimizer\test_pso_enhancements.py FF                         [ 93%]
tests\test_optimizer\test_reoptimization_script.py .                     [ 94%]
tests\test_property_based.py FF.                                         [ 96%]
tests\test_utils\test_control_analysis_module.py FF                      [ 97%]
tests\test_utils\test_control_primitives.py .F.                          [ 99%]
tests\test_utils\test_control_primitives_consolidated.py F               [100%]

=================================== ERRORS ====================================
______ ERROR at teardown of test_controller_compute_speed[classical_smc] ______
C:\Users\sadeg\AppData\Local\Programs\Python\Python313\Lib\site-packages\pytest_benchmark\plugin.py:481: in benchmark
    fixture._cleanup()
C:\Users\sadeg\AppData\Local\Programs\Python\Python313\Lib\site-packages\pytest_benchmark\fixture.py:301: in _cleanup
    self._logger.warning('Benchmark fixture was not used at all in this test!', warner=self._warner, suspend=True)
C:\Users\sadeg\AppData\Local\Programs\Python\Python313\Lib\site-packages\pytest_benchmark\logger.py:39: in warning
    warner(PytestBenchmarkWarning(text))
E   pytest_benchmark.logger.PytestBenchmarkWarning: Benchmark fixture was not used at all in this test!
_________ ERROR at teardown of test_controller_compute_speed[sta_smc] _________
C:\Users\sadeg\AppData\Local\Programs\Python\Python313\Lib\site-packages\pytest_benchmark\plugin.py:481: in benchmark
    fixture._cleanup()
C:\Users\sadeg\AppData\Local\Programs\Python\Python313\Lib\site-packages\pytest_benchmark\fixture.py:301: in _cleanup
    self._logger.warning('Benchmark fixture was not used at all in this test!', warner=self._warner, suspend=True)
C:\Users\sadeg\AppData\Local\Programs\Python\Python313\Lib\site-packages\pytest_benchmark\logger.py:39: in warning
    warner(PytestBenchmarkWarning(text))
E   pytest_benchmark.logger.PytestBenchmarkWarning: Benchmark fixture was not used at all in this test!
______ ERROR at teardown of test_controller_compute_speed[adaptive_smc] _______
C:\Users\sadeg\AppData\Local\Programs\Python\Python313\Lib\site-packages\pytest_benchmark\plugin.py:481: in benchmark
    fixture._cleanup()
C:\Users\sadeg\AppData\Local\Programs\Python\Python313\Lib\site-packages\pytest_benchmark\fixture.py:301: in _cleanup
    self._logger.warning('Benchmark fixture was not used at all in this test!', warner=self._warner, suspend=True)
C:\Users\sadeg\AppData\Local\Programs\Python\Python313\Lib\site-packages\pytest_benchmark\logger.py:39: in warning
    warner(PytestBenchmarkWarning(text))
E   pytest_benchmark.logger.PytestBenchmarkWarning: Benchmark fixture was not used at all in this test!
_________ ERROR at setup of test_adaptive_smc_gains_are_configurable __________
src\config.py:482: in load_config
    cfg = ConfigSchema()
          ^^^^^^^^^^^^^^
C:\Users\sadeg\AppData\Local\Programs\Python\Python313\Lib\site-packages\pydantic_settings\main.py:188: in __init__
    super().__init__(
E   pydantic_core._pydantic_core.ValidationError: 10 validation errors for ConfigSchema
E   controller_defaults
E     Field required [type=missing, input_value={}, input_type=dict]
E       For further information visit https://errors.pydantic.dev/2.11/v/missing
E   controllers
E     Field required [type=missing, input_value={}, input_type=dict]
E       For further information visit https://errors.pydantic.dev/2.11/v/missing
E   pso
E     Field required [type=missing, input_value={}, input_type=dict]
E       For further information visit https://errors.pydantic.dev/2.11/v/missing
E   physics
E     Field required [type=missing, input_value={}, input_type=dict]
E       For further information visit https://errors.pydantic.dev/2.11/v/missing
E   physics_uncertainty
E     Field required [type=missing, input_value={}, input_type=dict]
E       For further information visit https://errors.pydantic.dev/2.11/v/missing
E   simulation
E     Field required [type=missing, input_value={}, input_type=dict]
E       For further information visit https://errors.pydantic.dev/2.11/v/missing
E   verification
E     Field required [type=missing, input_value={}, input_type=dict]
E       For further information visit https://errors.pydantic.dev/2.11/v/missing
E   cost_function
E     Field required [type=missing, input_value={}, input_type=dict]
E       For further information visit https://errors.pydantic.dev/2.11/v/missing
E   sensors
E     Field required [type=missing, input_value={}, input_type=dict]
E       For further information visit https://errors.pydantic.dev/2.11/v/missing
E   hil
E     Field required [type=missing, input_value={}, input_type=dict]
E       For further information visit https://errors.pydantic.dev/2.11/v/missing

The above exception was the direct cause of the following exception:
tests\test_controllers\test_adaptive_smc.py:21: in cfg
    return load_config('config.yaml', allow_unknown=True)
           ^^^^^^^^^^^^^^^^^^^^^^^^^^^^^^^^^^^^^^^^^^^^^^
src\config.py:510: in load_config
    raise InvalidConfigurationError(
E   src.config.InvalidConfigurationError: Configuration validation failed:
E     - controller_defaults: Field required
E     - controllers: Field required
E     - pso: Field required
E     - physics: Field required
E     - physics_uncertainty: Field required
E     - simulation: Field required
E     - verification: Field required
E     - cost_function: Field required
E     - sensors: Field required
E     - hil: Field required
----------------------------- Captured log setup ------------------------------
ERROR    project.config:config.py:381 Failed to read config file config.yaml: mapping values are not allowed here
  in "<unicode string>", line 153, column 12:
            max: 2.0 # [CIT-050]
               ^
ERROR    project.config:config.py:505 Validation error at controller_defaults: Field required
ERROR    project.config:config.py:505 Validation error at controllers: Field required
ERROR    project.config:config.py:505 Validation error at pso: Field required
ERROR    project.config:config.py:505 Validation error at physics: Field required
ERROR    project.config:config.py:505 Validation error at physics_uncertainty: Field required
ERROR    project.config:config.py:505 Validation error at simulation: Field required
ERROR    project.config:config.py:505 Validation error at verification: Field required
ERROR    project.config:config.py:505 Validation error at cost_function: Field required
ERROR    project.config:config.py:505 Validation error at sensors: Field required
ERROR    project.config:config.py:505 Validation error at hil: Field required
________ ERROR at setup of test_adaptive_gain_increases_on_large_error ________
src\config.py:482: in load_config
    cfg = ConfigSchema()
          ^^^^^^^^^^^^^^
C:\Users\sadeg\AppData\Local\Programs\Python\Python313\Lib\site-packages\pydantic_settings\main.py:188: in __init__
    super().__init__(
E   pydantic_core._pydantic_core.ValidationError: 10 validation errors for ConfigSchema
E   controller_defaults
E     Field required [type=missing, input_value={}, input_type=dict]
E       For further information visit https://errors.pydantic.dev/2.11/v/missing
E   controllers
E     Field required [type=missing, input_value={}, input_type=dict]
E       For further information visit https://errors.pydantic.dev/2.11/v/missing
E   pso
E     Field required [type=missing, input_value={}, input_type=dict]
E       For further information visit https://errors.pydantic.dev/2.11/v/missing
E   physics
E     Field required [type=missing, input_value={}, input_type=dict]
E       For further information visit https://errors.pydantic.dev/2.11/v/missing
E   physics_uncertainty
E     Field required [type=missing, input_value={}, input_type=dict]
E       For further information visit https://errors.pydantic.dev/2.11/v/missing
E   simulation
E     Field required [type=missing, input_value={}, input_type=dict]
E       For further information visit https://errors.pydantic.dev/2.11/v/missing
E   verification
E     Field required [type=missing, input_value={}, input_type=dict]
E       For further information visit https://errors.pydantic.dev/2.11/v/missing
E   cost_function
E     Field required [type=missing, input_value={}, input_type=dict]
E       For further information visit https://errors.pydantic.dev/2.11/v/missing
E   sensors
E     Field required [type=missing, input_value={}, input_type=dict]
E       For further information visit https://errors.pydantic.dev/2.11/v/missing
E   hil
E     Field required [type=missing, input_value={}, input_type=dict]
E       For further information visit https://errors.pydantic.dev/2.11/v/missing

The above exception was the direct cause of the following exception:
tests\test_controllers\test_adaptive_smc.py:21: in cfg
    return load_config('config.yaml', allow_unknown=True)
           ^^^^^^^^^^^^^^^^^^^^^^^^^^^^^^^^^^^^^^^^^^^^^^
src\config.py:510: in load_config
    raise InvalidConfigurationError(
E   src.config.InvalidConfigurationError: Configuration validation failed:
E     - controller_defaults: Field required
E     - controllers: Field required
E     - pso: Field required
E     - physics: Field required
E     - physics_uncertainty: Field required
E     - simulation: Field required
E     - verification: Field required
E     - cost_function: Field required
E     - sensors: Field required
E     - hil: Field required
----------------------------- Captured log setup ------------------------------
ERROR    project.config:config.py:381 Failed to read config file config.yaml: mapping values are not allowed here
  in "<unicode string>", line 153, column 12:
            max: 2.0 # [CIT-050]
               ^
ERROR    project.config:config.py:505 Validation error at controller_defaults: Field required
ERROR    project.config:config.py:505 Validation error at controllers: Field required
ERROR    project.config:config.py:505 Validation error at pso: Field required
ERROR    project.config:config.py:505 Validation error at physics: Field required
ERROR    project.config:config.py:505 Validation error at physics_uncertainty: Field required
ERROR    project.config:config.py:505 Validation error at simulation: Field required
ERROR    project.config:config.py:505 Validation error at verification: Field required
ERROR    project.config:config.py:505 Validation error at cost_function: Field required
ERROR    project.config:config.py:505 Validation error at sensors: Field required
ERROR    project.config:config.py:505 Validation error at hil: Field required
________ ERROR at setup of test_gain_remains_bounded_under_chattering _________
src\config.py:482: in load_config
    cfg = ConfigSchema()
          ^^^^^^^^^^^^^^
C:\Users\sadeg\AppData\Local\Programs\Python\Python313\Lib\site-packages\pydantic_settings\main.py:188: in __init__
    super().__init__(
E   pydantic_core._pydantic_core.ValidationError: 10 validation errors for ConfigSchema
E   controller_defaults
E     Field required [type=missing, input_value={}, input_type=dict]
E       For further information visit https://errors.pydantic.dev/2.11/v/missing
E   controllers
E     Field required [type=missing, input_value={}, input_type=dict]
E       For further information visit https://errors.pydantic.dev/2.11/v/missing
E   pso
E     Field required [type=missing, input_value={}, input_type=dict]
E       For further information visit https://errors.pydantic.dev/2.11/v/missing
E   physics
E     Field required [type=missing, input_value={}, input_type=dict]
E       For further information visit https://errors.pydantic.dev/2.11/v/missing
E   physics_uncertainty
E     Field required [type=missing, input_value={}, input_type=dict]
E       For further information visit https://errors.pydantic.dev/2.11/v/missing
E   simulation
E     Field required [type=missing, input_value={}, input_type=dict]
E       For further information visit https://errors.pydantic.dev/2.11/v/missing
E   verification
E     Field required [type=missing, input_value={}, input_type=dict]
E       For further information visit https://errors.pydantic.dev/2.11/v/missing
E   cost_function
E     Field required [type=missing, input_value={}, input_type=dict]
E       For further information visit https://errors.pydantic.dev/2.11/v/missing
E   sensors
E     Field required [type=missing, input_value={}, input_type=dict]
E       For further information visit https://errors.pydantic.dev/2.11/v/missing
E   hil
E     Field required [type=missing, input_value={}, input_type=dict]
E       For further information visit https://errors.pydantic.dev/2.11/v/missing

The above exception was the direct cause of the following exception:
tests\test_controllers\test_adaptive_smc.py:21: in cfg
    return load_config('config.yaml', allow_unknown=True)
           ^^^^^^^^^^^^^^^^^^^^^^^^^^^^^^^^^^^^^^^^^^^^^^
src\config.py:510: in load_config
    raise InvalidConfigurationError(
E   src.config.InvalidConfigurationError: Configuration validation failed:
E     - controller_defaults: Field required
E     - controllers: Field required
E     - pso: Field required
E     - physics: Field required
E     - physics_uncertainty: Field required
E     - simulation: Field required
E     - verification: Field required
E     - cost_function: Field required
E     - sensors: Field required
E     - hil: Field required
----------------------------- Captured log setup ------------------------------
ERROR    project.config:config.py:381 Failed to read config file config.yaml: mapping values are not allowed here
  in "<unicode string>", line 153, column 12:
            max: 2.0 # [CIT-050]
               ^
ERROR    project.config:config.py:505 Validation error at controller_defaults: Field required
ERROR    project.config:config.py:505 Validation error at controllers: Field required
ERROR    project.config:config.py:505 Validation error at pso: Field required
ERROR    project.config:config.py:505 Validation error at physics: Field required
ERROR    project.config:config.py:505 Validation error at physics_uncertainty: Field required
ERROR    project.config:config.py:505 Validation error at simulation: Field required
ERROR    project.config:config.py:505 Validation error at verification: Field required
ERROR    project.config:config.py:505 Validation error at cost_function: Field required
ERROR    project.config:config.py:505 Validation error at sensors: Field required
ERROR    project.config:config.py:505 Validation error at hil: Field required
_____________ ERROR at setup of test_stabilization_and_adaptation _____________
src\config.py:482: in load_config
    cfg = ConfigSchema()
          ^^^^^^^^^^^^^^
C:\Users\sadeg\AppData\Local\Programs\Python\Python313\Lib\site-packages\pydantic_settings\main.py:188: in __init__
    super().__init__(
E   pydantic_core._pydantic_core.ValidationError: 10 validation errors for ConfigSchema
E   controller_defaults
E     Field required [type=missing, input_value={}, input_type=dict]
E       For further information visit https://errors.pydantic.dev/2.11/v/missing
E   controllers
E     Field required [type=missing, input_value={}, input_type=dict]
E       For further information visit https://errors.pydantic.dev/2.11/v/missing
E   pso
E     Field required [type=missing, input_value={}, input_type=dict]
E       For further information visit https://errors.pydantic.dev/2.11/v/missing
E   physics
E     Field required [type=missing, input_value={}, input_type=dict]
E       For further information visit https://errors.pydantic.dev/2.11/v/missing
E   physics_uncertainty
E     Field required [type=missing, input_value={}, input_type=dict]
E       For further information visit https://errors.pydantic.dev/2.11/v/missing
E   simulation
E     Field required [type=missing, input_value={}, input_type=dict]
E       For further information visit https://errors.pydantic.dev/2.11/v/missing
E   verification
E     Field required [type=missing, input_value={}, input_type=dict]
E       For further information visit https://errors.pydantic.dev/2.11/v/missing
E   cost_function
E     Field required [type=missing, input_value={}, input_type=dict]
E       For further information visit https://errors.pydantic.dev/2.11/v/missing
E   sensors
E     Field required [type=missing, input_value={}, input_type=dict]
E       For further information visit https://errors.pydantic.dev/2.11/v/missing
E   hil
E     Field required [type=missing, input_value={}, input_type=dict]
E       For further information visit https://errors.pydantic.dev/2.11/v/missing

The above exception was the direct cause of the following exception:
tests\test_controllers\test_hybrid_adaptive_sta_smc.py:13: in config
    return load_config("config.yaml", allow_unknown=True)
           ^^^^^^^^^^^^^^^^^^^^^^^^^^^^^^^^^^^^^^^^^^^^^^
src\config.py:510: in load_config
    raise InvalidConfigurationError(
E   src.config.InvalidConfigurationError: Configuration validation failed:
E     - controller_defaults: Field required
E     - controllers: Field required
E     - pso: Field required
E     - physics: Field required
E     - physics_uncertainty: Field required
E     - simulation: Field required
E     - verification: Field required
E     - cost_function: Field required
E     - sensors: Field required
E     - hil: Field required
----------------------------- Captured log setup ------------------------------
ERROR    project.config:config.py:381 Failed to read config file config.yaml: mapping values are not allowed here
  in "<unicode string>", line 153, column 12:
            max: 2.0 # [CIT-050]
               ^
ERROR    project.config:config.py:505 Validation error at controller_defaults: Field required
ERROR    project.config:config.py:505 Validation error at controllers: Field required
ERROR    project.config:config.py:505 Validation error at pso: Field required
ERROR    project.config:config.py:505 Validation error at physics: Field required
ERROR    project.config:config.py:505 Validation error at physics_uncertainty: Field required
ERROR    project.config:config.py:505 Validation error at simulation: Field required
ERROR    project.config:config.py:505 Validation error at verification: Field required
ERROR    project.config:config.py:505 Validation error at cost_function: Field required
ERROR    project.config:config.py:505 Validation error at sensors: Field required
ERROR    project.config:config.py:505 Validation error at hil: Field required
_______________ ERROR at setup of test_finite_time_convergence ________________
file D:\Projects\main\DIP_SMC_PSO\tests\test_controllers\test_sta_smc.py, line 27
  def test_finite_time_convergence(dynamics, timeout=2.0):
file D:\Projects\main\DIP_SMC_PSO\tests\test_controllers\test_sta_smc.py, line 23
  @pytest.fixture
  def dynamics(physics_params):
E       fixture 'physics_params' not found
>       available fixtures: benchmark, benchmark_weave, cache, capfd, capfdbinary, caplog, capsys, capsysbinary, capteesys, config, doctest_namespace, dynamics, full_dynamics, initial_state, make_hybrid, monkeypatch, physics_cfg, pytestconfig, record_property, record_testsuite_property, record_xml_attribute, recwarn, tmp_path, tmp_path_factory, tmpdir, tmpdir_factory
>       use 'pytest --fixtures [testpath]' for help on them.

D:\Projects\main\DIP_SMC_PSO\tests\test_controllers\test_sta_smc.py:23
____________ ERROR at setup of test_initialize_and_compute_control ____________
file D:\Projects\main\DIP_SMC_PSO\tests\test_controllers\test_sta_smc.py, line 70
  def test_initialize_and_compute_control(dynamics):
file D:\Projects\main\DIP_SMC_PSO\tests\test_controllers\test_sta_smc.py, line 23
  @pytest.fixture
  def dynamics(physics_params):
E       fixture 'physics_params' not found
>       available fixtures: benchmark, benchmark_weave, cache, capfd, capfdbinary, caplog, capsys, capsysbinary, capteesys, config, doctest_namespace, dynamics, full_dynamics, initial_state, make_hybrid, monkeypatch, physics_cfg, pytestconfig, record_property, record_testsuite_property, record_xml_attribute, recwarn, tmp_path, tmp_path_factory, tmpdir, tmpdir_factory
>       use 'pytest --fixtures [testpath]' for help on them.

D:\Projects\main\DIP_SMC_PSO\tests\test_controllers\test_sta_smc.py:23
___________ ERROR at setup of test_physics_config_rejects_zero_mass ___________
src\config.py:482: in load_config
    cfg = ConfigSchema()
          ^^^^^^^^^^^^^^
C:\Users\sadeg\AppData\Local\Programs\Python\Python313\Lib\site-packages\pydantic_settings\main.py:188: in __init__
    super().__init__(
E   pydantic_core._pydantic_core.ValidationError: 10 validation errors for ConfigSchema
E   controller_defaults
E     Field required [type=missing, input_value={}, input_type=dict]
E       For further information visit https://errors.pydantic.dev/2.11/v/missing
E   controllers
E     Field required [type=missing, input_value={}, input_type=dict]
E       For further information visit https://errors.pydantic.dev/2.11/v/missing
E   pso
E     Field required [type=missing, input_value={}, input_type=dict]
E       For further information visit https://errors.pydantic.dev/2.11/v/missing
E   physics
E     Field required [type=missing, input_value={}, input_type=dict]
E       For further information visit https://errors.pydantic.dev/2.11/v/missing
E   physics_uncertainty
E     Field required [type=missing, input_value={}, input_type=dict]
E       For further information visit https://errors.pydantic.dev/2.11/v/missing
E   simulation
E     Field required [type=missing, input_value={}, input_type=dict]
E       For further information visit https://errors.pydantic.dev/2.11/v/missing
E   verification
E     Field required [type=missing, input_value={}, input_type=dict]
E       For further information visit https://errors.pydantic.dev/2.11/v/missing
E   cost_function
E     Field required [type=missing, input_value={}, input_type=dict]
E       For further information visit https://errors.pydantic.dev/2.11/v/missing
E   sensors
E     Field required [type=missing, input_value={}, input_type=dict]
E       For further information visit https://errors.pydantic.dev/2.11/v/missing
E   hil
E     Field required [type=missing, input_value={}, input_type=dict]
E       For further information visit https://errors.pydantic.dev/2.11/v/missing

The above exception was the direct cause of the following exception:
tests\test_core\test_config.py:31: in valid_physics_data
    return load_config("config.yaml", allow_unknown=True).physics.model_dump()
           ^^^^^^^^^^^^^^^^^^^^^^^^^^^^^^^^^^^^^^^^^^^^^^
src\config.py:510: in load_config
    raise InvalidConfigurationError(
E   src.config.InvalidConfigurationError: Configuration validation failed:
E     - controller_defaults: Field required
E     - controllers: Field required
E     - pso: Field required
E     - physics: Field required
E     - physics_uncertainty: Field required
E     - simulation: Field required
E     - verification: Field required
E     - cost_function: Field required
E     - sensors: Field required
E     - hil: Field required
----------------------------- Captured log setup ------------------------------
ERROR    project.config:config.py:381 Failed to read config file config.yaml: mapping values are not allowed here
  in "<unicode string>", line 153, column 12:
            max: 2.0 # [CIT-050]
               ^
ERROR    project.config:config.py:505 Validation error at controller_defaults: Field required
ERROR    project.config:config.py:505 Validation error at controllers: Field required
ERROR    project.config:config.py:505 Validation error at pso: Field required
ERROR    project.config:config.py:505 Validation error at physics: Field required
ERROR    project.config:config.py:505 Validation error at physics_uncertainty: Field required
ERROR    project.config:config.py:505 Validation error at simulation: Field required
ERROR    project.config:config.py:505 Validation error at verification: Field required
ERROR    project.config:config.py:505 Validation error at cost_function: Field required
ERROR    project.config:config.py:505 Validation error at sensors: Field required
ERROR    project.config:config.py:505 Validation error at hil: Field required
_______ ERROR at setup of test_physics_config_rejects_negative_inertia ________
src\config.py:482: in load_config
    cfg = ConfigSchema()
          ^^^^^^^^^^^^^^
C:\Users\sadeg\AppData\Local\Programs\Python\Python313\Lib\site-packages\pydantic_settings\main.py:188: in __init__
    super().__init__(
E   pydantic_core._pydantic_core.ValidationError: 10 validation errors for ConfigSchema
E   controller_defaults
E     Field required [type=missing, input_value={}, input_type=dict]
E       For further information visit https://errors.pydantic.dev/2.11/v/missing
E   controllers
E     Field required [type=missing, input_value={}, input_type=dict]
E       For further information visit https://errors.pydantic.dev/2.11/v/missing
E   pso
E     Field required [type=missing, input_value={}, input_type=dict]
E       For further information visit https://errors.pydantic.dev/2.11/v/missing
E   physics
E     Field required [type=missing, input_value={}, input_type=dict]
E       For further information visit https://errors.pydantic.dev/2.11/v/missing
E   physics_uncertainty
E     Field required [type=missing, input_value={}, input_type=dict]
E       For further information visit https://errors.pydantic.dev/2.11/v/missing
E   simulation
E     Field required [type=missing, input_value={}, input_type=dict]
E       For further information visit https://errors.pydantic.dev/2.11/v/missing
E   verification
E     Field required [type=missing, input_value={}, input_type=dict]
E       For further information visit https://errors.pydantic.dev/2.11/v/missing
E   cost_function
E     Field required [type=missing, input_value={}, input_type=dict]
E       For further information visit https://errors.pydantic.dev/2.11/v/missing
E   sensors
E     Field required [type=missing, input_value={}, input_type=dict]
E       For further information visit https://errors.pydantic.dev/2.11/v/missing
E   hil
E     Field required [type=missing, input_value={}, input_type=dict]
E       For further information visit https://errors.pydantic.dev/2.11/v/missing

The above exception was the direct cause of the following exception:
tests\test_core\test_config.py:31: in valid_physics_data
    return load_config("config.yaml", allow_unknown=True).physics.model_dump()
           ^^^^^^^^^^^^^^^^^^^^^^^^^^^^^^^^^^^^^^^^^^^^^^
src\config.py:510: in load_config
    raise InvalidConfigurationError(
E   src.config.InvalidConfigurationError: Configuration validation failed:
E     - controller_defaults: Field required
E     - controllers: Field required
E     - pso: Field required
E     - physics: Field required
E     - physics_uncertainty: Field required
E     - simulation: Field required
E     - verification: Field required
E     - cost_function: Field required
E     - sensors: Field required
E     - hil: Field required
----------------------------- Captured log setup ------------------------------
ERROR    project.config:config.py:381 Failed to read config file config.yaml: mapping values are not allowed here
  in "<unicode string>", line 153, column 12:
            max: 2.0 # [CIT-050]
               ^
ERROR    project.config:config.py:505 Validation error at controller_defaults: Field required
ERROR    project.config:config.py:505 Validation error at controllers: Field required
ERROR    project.config:config.py:505 Validation error at pso: Field required
ERROR    project.config:config.py:505 Validation error at physics: Field required
ERROR    project.config:config.py:505 Validation error at physics_uncertainty: Field required
ERROR    project.config:config.py:505 Validation error at simulation: Field required
ERROR    project.config:config.py:505 Validation error at verification: Field required
ERROR    project.config:config.py:505 Validation error at cost_function: Field required
ERROR    project.config:config.py:505 Validation error at sensors: Field required
ERROR    project.config:config.py:505 Validation error at hil: Field required
__________ ERROR at setup of test_physics_config_rejects_invalid_com __________
src\config.py:482: in load_config
    cfg = ConfigSchema()
          ^^^^^^^^^^^^^^
C:\Users\sadeg\AppData\Local\Programs\Python\Python313\Lib\site-packages\pydantic_settings\main.py:188: in __init__
    super().__init__(
E   pydantic_core._pydantic_core.ValidationError: 10 validation errors for ConfigSchema
E   controller_defaults
E     Field required [type=missing, input_value={}, input_type=dict]
E       For further information visit https://errors.pydantic.dev/2.11/v/missing
E   controllers
E     Field required [type=missing, input_value={}, input_type=dict]
E       For further information visit https://errors.pydantic.dev/2.11/v/missing
E   pso
E     Field required [type=missing, input_value={}, input_type=dict]
E       For further information visit https://errors.pydantic.dev/2.11/v/missing
E   physics
E     Field required [type=missing, input_value={}, input_type=dict]
E       For further information visit https://errors.pydantic.dev/2.11/v/missing
E   physics_uncertainty
E     Field required [type=missing, input_value={}, input_type=dict]
E       For further information visit https://errors.pydantic.dev/2.11/v/missing
E   simulation
E     Field required [type=missing, input_value={}, input_type=dict]
E       For further information visit https://errors.pydantic.dev/2.11/v/missing
E   verification
E     Field required [type=missing, input_value={}, input_type=dict]
E       For further information visit https://errors.pydantic.dev/2.11/v/missing
E   cost_function
E     Field required [type=missing, input_value={}, input_type=dict]
E       For further information visit https://errors.pydantic.dev/2.11/v/missing
E   sensors
E     Field required [type=missing, input_value={}, input_type=dict]
E       For further information visit https://errors.pydantic.dev/2.11/v/missing
E   hil
E     Field required [type=missing, input_value={}, input_type=dict]
E       For further information visit https://errors.pydantic.dev/2.11/v/missing

The above exception was the direct cause of the following exception:
tests\test_core\test_config.py:31: in valid_physics_data
    return load_config("config.yaml", allow_unknown=True).physics.model_dump()
           ^^^^^^^^^^^^^^^^^^^^^^^^^^^^^^^^^^^^^^^^^^^^^^
src\config.py:510: in load_config
    raise InvalidConfigurationError(
E   src.config.InvalidConfigurationError: Configuration validation failed:
E     - controller_defaults: Field required
E     - controllers: Field required
E     - pso: Field required
E     - physics: Field required
E     - physics_uncertainty: Field required
E     - simulation: Field required
E     - verification: Field required
E     - cost_function: Field required
E     - sensors: Field required
E     - hil: Field required
----------------------------- Captured log setup ------------------------------
ERROR    project.config:config.py:381 Failed to read config file config.yaml: mapping values are not allowed here
  in "<unicode string>", line 153, column 12:
            max: 2.0 # [CIT-050]
               ^
ERROR    project.config:config.py:505 Validation error at controller_defaults: Field required
ERROR    project.config:config.py:505 Validation error at controllers: Field required
ERROR    project.config:config.py:505 Validation error at pso: Field required
ERROR    project.config:config.py:505 Validation error at physics: Field required
ERROR    project.config:config.py:505 Validation error at physics_uncertainty: Field required
ERROR    project.config:config.py:505 Validation error at simulation: Field required
ERROR    project.config:config.py:505 Validation error at verification: Field required
ERROR    project.config:config.py:505 Validation error at cost_function: Field required
ERROR    project.config:config.py:505 Validation error at sensors: Field required
ERROR    project.config:config.py:505 Validation error at hil: Field required
________ ERROR at setup of test_physics_config_rejects_nonpositive_com ________
src\config.py:482: in load_config
    cfg = ConfigSchema()
          ^^^^^^^^^^^^^^
C:\Users\sadeg\AppData\Local\Programs\Python\Python313\Lib\site-packages\pydantic_settings\main.py:188: in __init__
    super().__init__(
E   pydantic_core._pydantic_core.ValidationError: 10 validation errors for ConfigSchema
E   controller_defaults
E     Field required [type=missing, input_value={}, input_type=dict]
E       For further information visit https://errors.pydantic.dev/2.11/v/missing
E   controllers
E     Field required [type=missing, input_value={}, input_type=dict]
E       For further information visit https://errors.pydantic.dev/2.11/v/missing
E   pso
E     Field required [type=missing, input_value={}, input_type=dict]
E       For further information visit https://errors.pydantic.dev/2.11/v/missing
E   physics
E     Field required [type=missing, input_value={}, input_type=dict]
E       For further information visit https://errors.pydantic.dev/2.11/v/missing
E   physics_uncertainty
E     Field required [type=missing, input_value={}, input_type=dict]
E       For further information visit https://errors.pydantic.dev/2.11/v/missing
E   simulation
E     Field required [type=missing, input_value={}, input_type=dict]
E       For further information visit https://errors.pydantic.dev/2.11/v/missing
E   verification
E     Field required [type=missing, input_value={}, input_type=dict]
E       For further information visit https://errors.pydantic.dev/2.11/v/missing
E   cost_function
E     Field required [type=missing, input_value={}, input_type=dict]
E       For further information visit https://errors.pydantic.dev/2.11/v/missing
E   sensors
E     Field required [type=missing, input_value={}, input_type=dict]
E       For further information visit https://errors.pydantic.dev/2.11/v/missing
E   hil
E     Field required [type=missing, input_value={}, input_type=dict]
E       For further information visit https://errors.pydantic.dev/2.11/v/missing

The above exception was the direct cause of the following exception:
tests\test_core\test_config.py:31: in valid_physics_data
    return load_config("config.yaml", allow_unknown=True).physics.model_dump()
           ^^^^^^^^^^^^^^^^^^^^^^^^^^^^^^^^^^^^^^^^^^^^^^
src\config.py:510: in load_config
    raise InvalidConfigurationError(
E   src.config.InvalidConfigurationError: Configuration validation failed:
E     - controller_defaults: Field required
E     - controllers: Field required
E     - pso: Field required
E     - physics: Field required
E     - physics_uncertainty: Field required
E     - simulation: Field required
E     - verification: Field required
E     - cost_function: Field required
E     - sensors: Field required
E     - hil: Field required
----------------------------- Captured log setup ------------------------------
ERROR    project.config:config.py:381 Failed to read config file config.yaml: mapping values are not allowed here
  in "<unicode string>", line 153, column 12:
            max: 2.0 # [CIT-050]
               ^
ERROR    project.config:config.py:505 Validation error at controller_defaults: Field required
ERROR    project.config:config.py:505 Validation error at controllers: Field required
ERROR    project.config:config.py:505 Validation error at pso: Field required
ERROR    project.config:config.py:505 Validation error at physics: Field required
ERROR    project.config:config.py:505 Validation error at physics_uncertainty: Field required
ERROR    project.config:config.py:505 Validation error at simulation: Field required
ERROR    project.config:config.py:505 Validation error at verification: Field required
ERROR    project.config:config.py:505 Validation error at cost_function: Field required
ERROR    project.config:config.py:505 Validation error at sensors: Field required
ERROR    project.config:config.py:505 Validation error at hil: Field required
________ ERROR at setup of test_full_inertia_matrix_shape_and_symmetry ________
src\config.py:482: in load_config
    cfg = ConfigSchema()
          ^^^^^^^^^^^^^^
C:\Users\sadeg\AppData\Local\Programs\Python\Python313\Lib\site-packages\pydantic_settings\main.py:188: in __init__
    super().__init__(
E   pydantic_core._pydantic_core.ValidationError: 10 validation errors for ConfigSchema
E   controller_defaults
E     Field required [type=missing, input_value={}, input_type=dict]
E       For further information visit https://errors.pydantic.dev/2.11/v/missing
E   controllers
E     Field required [type=missing, input_value={}, input_type=dict]
E       For further information visit https://errors.pydantic.dev/2.11/v/missing
E   pso
E     Field required [type=missing, input_value={}, input_type=dict]
E       For further information visit https://errors.pydantic.dev/2.11/v/missing
E   physics
E     Field required [type=missing, input_value={}, input_type=dict]
E       For further information visit https://errors.pydantic.dev/2.11/v/missing
E   physics_uncertainty
E     Field required [type=missing, input_value={}, input_type=dict]
E       For further information visit https://errors.pydantic.dev/2.11/v/missing
E   simulation
E     Field required [type=missing, input_value={}, input_type=dict]
E       For further information visit https://errors.pydantic.dev/2.11/v/missing
E   verification
E     Field required [type=missing, input_value={}, input_type=dict]
E       For further information visit https://errors.pydantic.dev/2.11/v/missing
E   cost_function
E     Field required [type=missing, input_value={}, input_type=dict]
E       For further information visit https://errors.pydantic.dev/2.11/v/missing
E   sensors
E     Field required [type=missing, input_value={}, input_type=dict]
E       For further information visit https://errors.pydantic.dev/2.11/v/missing
E   hil
E     Field required [type=missing, input_value={}, input_type=dict]
E       For further information visit https://errors.pydantic.dev/2.11/v/missing

The above exception was the direct cause of the following exception:
tests\test_core\test_dynamics.py:21: in full_dynamics_model
    cfg = load_config("config.yaml", allow_unknown=True)
          ^^^^^^^^^^^^^^^^^^^^^^^^^^^^^^^^^^^^^^^^^^^^^^
src\config.py:510: in load_config
    raise InvalidConfigurationError(
E   src.config.InvalidConfigurationError: Configuration validation failed:
E     - controller_defaults: Field required
E     - controllers: Field required
E     - pso: Field required
E     - physics: Field required
E     - physics_uncertainty: Field required
E     - simulation: Field required
E     - verification: Field required
E     - cost_function: Field required
E     - sensors: Field required
E     - hil: Field required
----------------------------- Captured log setup ------------------------------
ERROR    project.config:config.py:381 Failed to read config file config.yaml: mapping values are not allowed here
  in "<unicode string>", line 153, column 12:
            max: 2.0 # [CIT-050]
               ^
ERROR    project.config:config.py:505 Validation error at controller_defaults: Field required
ERROR    project.config:config.py:505 Validation error at controllers: Field required
ERROR    project.config:config.py:505 Validation error at pso: Field required
ERROR    project.config:config.py:505 Validation error at physics: Field required
ERROR    project.config:config.py:505 Validation error at physics_uncertainty: Field required
ERROR    project.config:config.py:505 Validation error at simulation: Field required
ERROR    project.config:config.py:505 Validation error at verification: Field required
ERROR    project.config:config.py:505 Validation error at cost_function: Field required
ERROR    project.config:config.py:505 Validation error at sensors: Field required
ERROR    project.config:config.py:505 Validation error at hil: Field required
______________ ERROR at setup of test_full_dynamics_computation _______________
src\config.py:482: in load_config
    cfg = ConfigSchema()
          ^^^^^^^^^^^^^^
C:\Users\sadeg\AppData\Local\Programs\Python\Python313\Lib\site-packages\pydantic_settings\main.py:188: in __init__
    super().__init__(
E   pydantic_core._pydantic_core.ValidationError: 10 validation errors for ConfigSchema
E   controller_defaults
E     Field required [type=missing, input_value={}, input_type=dict]
E       For further information visit https://errors.pydantic.dev/2.11/v/missing
E   controllers
E     Field required [type=missing, input_value={}, input_type=dict]
E       For further information visit https://errors.pydantic.dev/2.11/v/missing
E   pso
E     Field required [type=missing, input_value={}, input_type=dict]
E       For further information visit https://errors.pydantic.dev/2.11/v/missing
E   physics
E     Field required [type=missing, input_value={}, input_type=dict]
E       For further information visit https://errors.pydantic.dev/2.11/v/missing
E   physics_uncertainty
E     Field required [type=missing, input_value={}, input_type=dict]
E       For further information visit https://errors.pydantic.dev/2.11/v/missing
E   simulation
E     Field required [type=missing, input_value={}, input_type=dict]
E       For further information visit https://errors.pydantic.dev/2.11/v/missing
E   verification
E     Field required [type=missing, input_value={}, input_type=dict]
E       For further information visit https://errors.pydantic.dev/2.11/v/missing
E   cost_function
E     Field required [type=missing, input_value={}, input_type=dict]
E       For further information visit https://errors.pydantic.dev/2.11/v/missing
E   sensors
E     Field required [type=missing, input_value={}, input_type=dict]
E       For further information visit https://errors.pydantic.dev/2.11/v/missing
E   hil
E     Field required [type=missing, input_value={}, input_type=dict]
E       For further information visit https://errors.pydantic.dev/2.11/v/missing

The above exception was the direct cause of the following exception:
tests\test_core\test_dynamics.py:21: in full_dynamics_model
    cfg = load_config("config.yaml", allow_unknown=True)
          ^^^^^^^^^^^^^^^^^^^^^^^^^^^^^^^^^^^^^^^^^^^^^^
src\config.py:510: in load_config
    raise InvalidConfigurationError(
E   src.config.InvalidConfigurationError: Configuration validation failed:
E     - controller_defaults: Field required
E     - controllers: Field required
E     - pso: Field required
E     - physics: Field required
E     - physics_uncertainty: Field required
E     - simulation: Field required
E     - verification: Field required
E     - cost_function: Field required
E     - sensors: Field required
E     - hil: Field required
________________ ERROR at setup of test_passivity_verification ________________
src\config.py:482: in load_config
    cfg = ConfigSchema()
          ^^^^^^^^^^^^^^
C:\Users\sadeg\AppData\Local\Programs\Python\Python313\Lib\site-packages\pydantic_settings\main.py:188: in __init__
    super().__init__(
E   pydantic_core._pydantic_core.ValidationError: 10 validation errors for ConfigSchema
E   controller_defaults
E     Field required [type=missing, input_value={}, input_type=dict]
E       For further information visit https://errors.pydantic.dev/2.11/v/missing
E   controllers
E     Field required [type=missing, input_value={}, input_type=dict]
E       For further information visit https://errors.pydantic.dev/2.11/v/missing
E   pso
E     Field required [type=missing, input_value={}, input_type=dict]
E       For further information visit https://errors.pydantic.dev/2.11/v/missing
E   physics
E     Field required [type=missing, input_value={}, input_type=dict]
E       For further information visit https://errors.pydantic.dev/2.11/v/missing
E   physics_uncertainty
E     Field required [type=missing, input_value={}, input_type=dict]
E       For further information visit https://errors.pydantic.dev/2.11/v/missing
E   simulation
E     Field required [type=missing, input_value={}, input_type=dict]
E       For further information visit https://errors.pydantic.dev/2.11/v/missing
E   verification
E     Field required [type=missing, input_value={}, input_type=dict]
E       For further information visit https://errors.pydantic.dev/2.11/v/missing
E   cost_function
E     Field required [type=missing, input_value={}, input_type=dict]
E       For further information visit https://errors.pydantic.dev/2.11/v/missing
E   sensors
E     Field required [type=missing, input_value={}, input_type=dict]
E       For further information visit https://errors.pydantic.dev/2.11/v/missing
E   hil
E     Field required [type=missing, input_value={}, input_type=dict]
E       For further information visit https://errors.pydantic.dev/2.11/v/missing

The above exception was the direct cause of the following exception:
tests\test_core\test_dynamics.py:21: in full_dynamics_model
    cfg = load_config("config.yaml", allow_unknown=True)
          ^^^^^^^^^^^^^^^^^^^^^^^^^^^^^^^^^^^^^^^^^^^^^^
src\config.py:510: in load_config
    raise InvalidConfigurationError(
E   src.config.InvalidConfigurationError: Configuration validation failed:
E     - controller_defaults: Field required
E     - controllers: Field required
E     - pso: Field required
E     - physics: Field required
E     - physics_uncertainty: Field required
E     - simulation: Field required
E     - verification: Field required
E     - cost_function: Field required
E     - sensors: Field required
E     - hil: Field required
__________________ ERROR at setup of test_singularity_check ___________________
src\config.py:482: in load_config
    cfg = ConfigSchema()
          ^^^^^^^^^^^^^^
C:\Users\sadeg\AppData\Local\Programs\Python\Python313\Lib\site-packages\pydantic_settings\main.py:188: in __init__
    super().__init__(
E   pydantic_core._pydantic_core.ValidationError: 10 validation errors for ConfigSchema
E   controller_defaults
E     Field required [type=missing, input_value={}, input_type=dict]
E       For further information visit https://errors.pydantic.dev/2.11/v/missing
E   controllers
E     Field required [type=missing, input_value={}, input_type=dict]
E       For further information visit https://errors.pydantic.dev/2.11/v/missing
E   pso
E     Field required [type=missing, input_value={}, input_type=dict]
E       For further information visit https://errors.pydantic.dev/2.11/v/missing
E   physics
E     Field required [type=missing, input_value={}, input_type=dict]
E       For further information visit https://errors.pydantic.dev/2.11/v/missing
E   physics_uncertainty
E     Field required [type=missing, input_value={}, input_type=dict]
E       For further information visit https://errors.pydantic.dev/2.11/v/missing
E   simulation
E     Field required [type=missing, input_value={}, input_type=dict]
E       For further information visit https://errors.pydantic.dev/2.11/v/missing
E   verification
E     Field required [type=missing, input_value={}, input_type=dict]
E       For further information visit https://errors.pydantic.dev/2.11/v/missing
E   cost_function
E     Field required [type=missing, input_value={}, input_type=dict]
E       For further information visit https://errors.pydantic.dev/2.11/v/missing
E   sensors
E     Field required [type=missing, input_value={}, input_type=dict]
E       For further information visit https://errors.pydantic.dev/2.11/v/missing
E   hil
E     Field required [type=missing, input_value={}, input_type=dict]
E       For further information visit https://errors.pydantic.dev/2.11/v/missing

The above exception was the direct cause of the following exception:
tests\test_core\test_dynamics.py:21: in full_dynamics_model
    cfg = load_config("config.yaml", allow_unknown=True)
          ^^^^^^^^^^^^^^^^^^^^^^^^^^^^^^^^^^^^^^^^^^^^^^
src\config.py:510: in load_config
    raise InvalidConfigurationError(
E   src.config.InvalidConfigurationError: Configuration validation failed:
E     - controller_defaults: Field required
E     - controllers: Field required
E     - pso: Field required
E     - physics: Field required
E     - physics_uncertainty: Field required
E     - simulation: Field required
E     - verification: Field required
E     - cost_function: Field required
E     - sensors: Field required
E     - hil: Field required
______________ ERROR at setup of test_simulation_is_thread_safe _______________
file D:\Projects\main\DIP_SMC_PSO\tests\test_core\test_interfaces.py, line 36
  def test_simulation_is_thread_safe(physics_params):
E       fixture 'physics_params' not found
>       available fixtures: benchmark, benchmark_weave, cache, capfd, capfdbinary, caplog, capsys, capsysbinary, capteesys, config, doctest_namespace, dynamics, full_dynamics, initial_state, make_hybrid, monkeypatch, physics_cfg, pytestconfig, record_property, record_testsuite_property, record_xml_attribute, recwarn, tmp_path, tmp_path_factory, tmpdir, tmpdir_factory
>       use 'pytest --fixtures [testpath]' for help on them.

D:\Projects\main\DIP_SMC_PSO\tests\test_core\test_interfaces.py:36
________________ ERROR at setup of test_lyapunov_decrease_sta _________________
file D:\Projects\main\DIP_SMC_PSO\tests\test_core\test_lyapunov.py, line 25
  @pytest.mark.usefixtures("long_simulation_config")
  def test_lyapunov_decrease_sta(dynamics, tolerance=1e-5, sim_steps=1000, dt=0.001):
E       fixture 'long_simulation_config' not found
>       available fixtures: benchmark, benchmark_weave, cache, capfd, capfdbinary, caplog, capsys, capsysbinary, capteesys, config, doctest_namespace, dynamics, full_dynamics, initial_state, make_hybrid, monkeypatch, physics_cfg, pytestconfig, record_property, record_testsuite_property, record_xml_attribute, recwarn, tmp_path, tmp_path_factory, tmpdir, tmpdir_factory
>       use 'pytest --fixtures [testpath]' for help on them.

D:\Projects\main\DIP_SMC_PSO\tests\test_core\test_lyapunov.py:25
================================== FAILURES ===================================
________________ TestPositiveValidation.test_full_config_loads ________________
src\config.py:482: in load_config
    cfg = ConfigSchema()
          ^^^^^^^^^^^^^^
C:\Users\sadeg\AppData\Local\Programs\Python\Python313\Lib\site-packages\pydantic_settings\main.py:188: in __init__
    super().__init__(
E   pydantic_core._pydantic_core.ValidationError: 10 validation errors for ConfigSchema
E   controller_defaults
E     Field required [type=missing, input_value={}, input_type=dict]
E       For further information visit https://errors.pydantic.dev/2.11/v/missing
E   controllers
E     Field required [type=missing, input_value={}, input_type=dict]
E       For further information visit https://errors.pydantic.dev/2.11/v/missing
E   pso
E     Field required [type=missing, input_value={}, input_type=dict]
E       For further information visit https://errors.pydantic.dev/2.11/v/missing
E   physics
E     Field required [type=missing, input_value={}, input_type=dict]
E       For further information visit https://errors.pydantic.dev/2.11/v/missing
E   physics_uncertainty
E     Field required [type=missing, input_value={}, input_type=dict]
E       For further information visit https://errors.pydantic.dev/2.11/v/missing
E   simulation
E     Field required [type=missing, input_value={}, input_type=dict]
E       For further information visit https://errors.pydantic.dev/2.11/v/missing
E   verification
E     Field required [type=missing, input_value={}, input_type=dict]
E       For further information visit https://errors.pydantic.dev/2.11/v/missing
E   cost_function
E     Field required [type=missing, input_value={}, input_type=dict]
E       For further information visit https://errors.pydantic.dev/2.11/v/missing
E   sensors
E     Field required [type=missing, input_value={}, input_type=dict]
E       For further information visit https://errors.pydantic.dev/2.11/v/missing
E   hil
E     Field required [type=missing, input_value={}, input_type=dict]
E       For further information visit https://errors.pydantic.dev/2.11/v/missing

The above exception was the direct cause of the following exception:
tests\config_validation\test_config_validation.py:337: in test_full_config_loads
    cfg = load_config("config.yaml", allow_unknown=True)
          ^^^^^^^^^^^^^^^^^^^^^^^^^^^^^^^^^^^^^^^^^^^^^^
src\config.py:510: in load_config
    raise InvalidConfigurationError(
E   src.config.InvalidConfigurationError: Configuration validation failed:
E     - controller_defaults: Field required
E     - controllers: Field required
E     - pso: Field required
E     - physics: Field required
E     - physics_uncertainty: Field required
E     - simulation: Field required
E     - verification: Field required
E     - cost_function: Field required
E     - sensors: Field required
E     - hil: Field required
------------------------------ Captured log call ------------------------------
ERROR    project.config:config.py:381 Failed to read config file config.yaml: mapping values are not allowed here
  in "<unicode string>", line 153, column 12:
            max: 2.0 # [CIT-050]
               ^
ERROR    project.config:config.py:505 Validation error at controller_defaults: Field required
ERROR    project.config:config.py:505 Validation error at controllers: Field required
ERROR    project.config:config.py:505 Validation error at pso: Field required
ERROR    project.config:config.py:505 Validation error at physics: Field required
ERROR    project.config:config.py:505 Validation error at physics_uncertainty: Field required
ERROR    project.config:config.py:505 Validation error at simulation: Field required
ERROR    project.config:config.py:505 Validation error at verification: Field required
ERROR    project.config:config.py:505 Validation error at cost_function: Field required
ERROR    project.config:config.py:505 Validation error at sensors: Field required
ERROR    project.config:config.py:505 Validation error at hil: Field required
__________________ test_app_fails_fast_on_invalid_controller __________________
tests\test_app\test_cli.py:41: in test_app_fails_fast_on_invalid_controller
    assert invalid_controller_name in result.stderr, \
E   AssertionError: Stderr should contain the invalid controller name 'this_controller_does_not_exist'.
E   assert 'this_controller_does_not_exist' in 'Failed to read config file D:\\Projects\\main\\DIP_SMC_PSO\\config.yaml: mapping values are not allowed here\n  in "<...erification: Field required\n  - cost_function: Field required\n  - sensors: Field required\n  - hil: Field required\n'
E    +  where 'Failed to read config file D:\\Projects\\main\\DIP_SMC_PSO\\config.yaml: mapping values are not allowed here\n  in "<...erification: Field required\n  - cost_function: Field required\n  - sensors: Field required\n  - hil: Field required\n' = CompletedProcess(args=['C:\\Users\\sadeg\\AppData\\Local\\Programs\\Python\\Python313\\python.exe', 'D:\\Projects\\mai...rification: Field required\n  - cost_function: Field required\n  - sensors: Field required\n  - hil: Field required\n').stderr
___________________ test_app_fails_on_backend_error_in_hil ____________________
tests\test_app\test_cli.py:93: in test_app_fails_on_backend_error_in_hil
    assert "TypeError: A critical backend error occurred" in result.stderr, \
E   AssertionError: The specific backend error should be propagated to stderr.
E   assert 'TypeError: A critical backend error occurred' in 'Failed to read config file D:\\Projects\\main\\DIP_SMC_PSO\\config.yaml: mapping values are not allowed here\n  in "<...erification: Field required\n  - cost_function: Field required\n  - sensors: Field required\n  - hil: Field required\n'
E    +  where 'Failed to read config file D:\\Projects\\main\\DIP_SMC_PSO\\config.yaml: mapping values are not allowed here\n  in "<...erification: Field required\n  - cost_function: Field required\n  - sensors: Field required\n  - hil: Field required\n' = CompletedProcess(args=['C:\\Users\\sadeg\\AppData\\Local\\Programs\\Python\\Python313\\python.exe', '-c', '\nimport sy...rification: Field required\n  - cost_function: Field required\n  - sensors: Field required\n  - hil: Field required\n').stderr
__________ TestControllerFailFast.test_invalid_controller_name_fails __________
tests\test_app\test_cli.py:177: in test_invalid_controller_name_fails
    assert "ValueError" in result.stderr or "RuntimeError" in result.stderr
E   assert ('ValueError' in 'Failed to read config file D:\\Projects\\main\\DIP_SMC_PSO\\config.yaml: mapping values are not allowed here\n  in "<...erification: Field required\n  - cost_function: Field required\n  - sensors: Field required\n  - hil: Field required\n' or 'RuntimeError' in 'Failed to read config file D:\\Projects\\main\\DIP_SMC_PSO\\config.yaml: mapping values are not allowed here\n  in "<...erification: Field required\n  - cost_function: Field required\n  - sensors: Field required\n  - hil: Field required\n')
E    +  where 'Failed to read config file D:\\Projects\\main\\DIP_SMC_PSO\\config.yaml: mapping values are not allowed here\n  in "<...erification: Field required\n  - cost_function: Field required\n  - sensors: Field required\n  - hil: Field required\n' = CompletedProcess(args=['C:\\Users\\sadeg\\AppData\\Local\\Programs\\Python\\Python313\\python.exe', 'D:\\Projects\\mai...rification: Field required\n  - cost_function: Field required\n  - sensors: Field required\n  - hil: Field required\n').stderr
E    +  and   'Failed to read config file D:\\Projects\\main\\DIP_SMC_PSO\\config.yaml: mapping values are not allowed here\n  in "<...erification: Field required\n  - cost_function: Field required\n  - sensors: Field required\n  - hil: Field required\n' = CompletedProcess(args=['C:\\Users\\sadeg\\AppData\\Local\\Programs\\Python\\Python313\\python.exe', 'D:\\Projects\\mai...rification: Field required\n  - cost_function: Field required\n  - sensors: Field required\n  - hil: Field required\n').stderr
____________ TestGeneralFailFast.test_no_broad_exception_handlers _____________
tests\test_app\test_cli.py:267: in test_no_broad_exception_handlers
    app_content = f.read()
                  ^^^^^^^^
C:\Users\sadeg\AppData\Local\Programs\Python\Python313\Lib\encodings\cp1252.py:23: in decode
    return codecs.charmap_decode(input,self.errors,decoding_table)[0]
           ^^^^^^^^^^^^^^^^^^^^^^^^^^^^^^^^^^^^^^^^^^^^^^^^^^^^^^^
E   UnicodeDecodeError: 'charmap' codec can't decode byte 0x90 in position 1835: character maps to <undefined>
____________________ test_csv_export_includes_final_state _____________________
src\config.py:482: in load_config
    cfg = ConfigSchema()
          ^^^^^^^^^^^^^^
C:\Users\sadeg\AppData\Local\Programs\Python\Python313\Lib\site-packages\pydantic_settings\main.py:188: in __init__
    super().__init__(
E   pydantic_core._pydantic_core.ValidationError: 10 validation errors for ConfigSchema
E   controller_defaults
E     Field required [type=missing, input_value={}, input_type=dict]
E       For further information visit https://errors.pydantic.dev/2.11/v/missing
E   controllers
E     Field required [type=missing, input_value={}, input_type=dict]
E       For further information visit https://errors.pydantic.dev/2.11/v/missing
E   pso
E     Field required [type=missing, input_value={}, input_type=dict]
E       For further information visit https://errors.pydantic.dev/2.11/v/missing
E   physics
E     Field required [type=missing, input_value={}, input_type=dict]
E       For further information visit https://errors.pydantic.dev/2.11/v/missing
E   physics_uncertainty
E     Field required [type=missing, input_value={}, input_type=dict]
E       For further information visit https://errors.pydantic.dev/2.11/v/missing
E   simulation
E     Field required [type=missing, input_value={}, input_type=dict]
E       For further information visit https://errors.pydantic.dev/2.11/v/missing
E   verification
E     Field required [type=missing, input_value={}, input_type=dict]
E       For further information visit https://errors.pydantic.dev/2.11/v/missing
E   cost_function
E     Field required [type=missing, input_value={}, input_type=dict]
E       For further information visit https://errors.pydantic.dev/2.11/v/missing
E   sensors
E     Field required [type=missing, input_value={}, input_type=dict]
E       For further information visit https://errors.pydantic.dev/2.11/v/missing
E   hil
E     Field required [type=missing, input_value={}, input_type=dict]
E       For further information visit https://errors.pydantic.dev/2.11/v/missing

The above exception was the direct cause of the following exception:
tests\test_app\test_data_export.py:29: in test_csv_export_includes_final_state
    cfg = load_config(allow_unknown=True)
          ^^^^^^^^^^^^^^^^^^^^^^^^^^^^^^^
src\config.py:510: in load_config
    raise InvalidConfigurationError(
E   src.config.InvalidConfigurationError: Configuration validation failed:
E     - controller_defaults: Field required
E     - controllers: Field required
E     - pso: Field required
E     - physics: Field required
E     - physics_uncertainty: Field required
E     - simulation: Field required
E     - verification: Field required
E     - cost_function: Field required
E     - sensors: Field required
E     - hil: Field required
------------------------------ Captured log call ------------------------------
ERROR    project.config:config.py:381 Failed to read config file config.yaml: mapping values are not allowed here
  in "<unicode string>", line 153, column 12:
            max: 2.0 # [CIT-050]
               ^
ERROR    project.config:config.py:505 Validation error at controller_defaults: Field required
ERROR    project.config:config.py:505 Validation error at controllers: Field required
ERROR    project.config:config.py:505 Validation error at pso: Field required
ERROR    project.config:config.py:505 Validation error at physics: Field required
ERROR    project.config:config.py:505 Validation error at physics_uncertainty: Field required
ERROR    project.config:config.py:505 Validation error at simulation: Field required
ERROR    project.config:config.py:505 Validation error at verification: Field required
ERROR    project.config:config.py:505 Validation error at cost_function: Field required
ERROR    project.config:config.py:505 Validation error at sensors: Field required
ERROR    project.config:config.py:505 Validation error at hil: Field required
________________ test_controller_compute_speed[classical_smc] _________________
tests\test_benchmarks\test_performance.py:81: in test_controller_compute_speed
    controller = create_controller(ctrl_name, config=config)
                 ^^^^^^^^^^^^^^^^^^^^^^^^^^^^^^^^^^^^^^^^^^^
src\controllers\factory.py:1083: in create_controller
    raise ValueError(f"Controller '{name}': gains parameter is required")
E   ValueError: Controller 'classical_smc': gains parameter is required
___________________ test_controller_compute_speed[sta_smc] ____________________
tests\test_benchmarks\test_performance.py:81: in test_controller_compute_speed
    controller = create_controller(ctrl_name, config=config)
                 ^^^^^^^^^^^^^^^^^^^^^^^^^^^^^^^^^^^^^^^^^^^
src\controllers\factory.py:1107: in create_controller
    raise ValueError(f"Controller '{name}': gains parameter is required")
E   ValueError: Controller 'sta_smc': gains parameter is required
_________________ test_controller_compute_speed[adaptive_smc] _________________
tests\test_benchmarks\test_performance.py:81: in test_controller_compute_speed
    controller = create_controller(ctrl_name, config=config)
                 ^^^^^^^^^^^^^^^^^^^^^^^^^^^^^^^^^^^^^^^^^^^
src\controllers\factory.py:1136: in create_controller
    raise ValueError(f"Controller '{name}': gains parameter is required")
E   ValueError: Controller 'adaptive_smc': gains parameter is required
_______________ test_full_simulation_throughput[classical_smc] ________________
tests\test_benchmarks\test_performance.py:162: in test_full_simulation_throughput
    result = benchmark(_call)
             ^^^^^^^^^^^^^^^^
C:\Users\sadeg\AppData\Local\Programs\Python\Python313\Lib\site-packages\pytest_benchmark\fixture.py:156: in __call__
    return self._raw(function_to_benchmark, *args, **kwargs)
           ^^^^^^^^^^^^^^^^^^^^^^^^^^^^^^^^^^^^^^^^^^^^^^^^^
C:\Users\sadeg\AppData\Local\Programs\Python\Python313\Lib\site-packages\pytest_benchmark\fixture.py:180: in _raw
    duration, iterations, loops_range = self._calibrate_timer(runner)
                                        ^^^^^^^^^^^^^^^^^^^^^^^^^^^^^
C:\Users\sadeg\AppData\Local\Programs\Python\Python313\Lib\site-packages\pytest_benchmark\fixture.py:318: in _calibrate_timer
    duration = runner(loops_range)
               ^^^^^^^^^^^^^^^^^^^
C:\Users\sadeg\AppData\Local\Programs\Python\Python313\Lib\site-packages\pytest_benchmark\fixture.py:109: in runner
    function_to_benchmark(*args, **kwargs)
tests\test_benchmarks\test_performance.py:160: in _call
    u_max=float(getattr(config.controllers[ctrl_name], "max_force", 150.0)),
                        ^^^^^^^^^^^^^^^^^^^^^^^^^^^^^
E   KeyError: 'classical_smc'
__________________ test_full_simulation_throughput[sta_smc] ___________________
tests\test_benchmarks\test_performance.py:162: in test_full_simulation_throughput
    result = benchmark(_call)
             ^^^^^^^^^^^^^^^^
C:\Users\sadeg\AppData\Local\Programs\Python\Python313\Lib\site-packages\pytest_benchmark\fixture.py:156: in __call__
    return self._raw(function_to_benchmark, *args, **kwargs)
           ^^^^^^^^^^^^^^^^^^^^^^^^^^^^^^^^^^^^^^^^^^^^^^^^^
C:\Users\sadeg\AppData\Local\Programs\Python\Python313\Lib\site-packages\pytest_benchmark\fixture.py:180: in _raw
    duration, iterations, loops_range = self._calibrate_timer(runner)
                                        ^^^^^^^^^^^^^^^^^^^^^^^^^^^^^
C:\Users\sadeg\AppData\Local\Programs\Python\Python313\Lib\site-packages\pytest_benchmark\fixture.py:318: in _calibrate_timer
    duration = runner(loops_range)
               ^^^^^^^^^^^^^^^^^^^
C:\Users\sadeg\AppData\Local\Programs\Python\Python313\Lib\site-packages\pytest_benchmark\fixture.py:109: in runner
    function_to_benchmark(*args, **kwargs)
tests\test_benchmarks\test_performance.py:160: in _call
    u_max=float(getattr(config.controllers[ctrl_name], "max_force", 150.0)),
                        ^^^^^^^^^^^^^^^^^^^^^^^^^^^^^
E   KeyError: 'sta_smc'
________________ test_full_simulation_throughput[adaptive_smc] ________________
tests\test_benchmarks\test_performance.py:162: in test_full_simulation_throughput
    result = benchmark(_call)
             ^^^^^^^^^^^^^^^^
C:\Users\sadeg\AppData\Local\Programs\Python\Python313\Lib\site-packages\pytest_benchmark\fixture.py:156: in __call__
    return self._raw(function_to_benchmark, *args, **kwargs)
           ^^^^^^^^^^^^^^^^^^^^^^^^^^^^^^^^^^^^^^^^^^^^^^^^^
C:\Users\sadeg\AppData\Local\Programs\Python\Python313\Lib\site-packages\pytest_benchmark\fixture.py:180: in _raw
    duration, iterations, loops_range = self._calibrate_timer(runner)
                                        ^^^^^^^^^^^^^^^^^^^^^^^^^^^^^
C:\Users\sadeg\AppData\Local\Programs\Python\Python313\Lib\site-packages\pytest_benchmark\fixture.py:318: in _calibrate_timer
    duration = runner(loops_range)
               ^^^^^^^^^^^^^^^^^^^
C:\Users\sadeg\AppData\Local\Programs\Python\Python313\Lib\site-packages\pytest_benchmark\fixture.py:109: in runner
    function_to_benchmark(*args, **kwargs)
tests\test_benchmarks\test_performance.py:160: in _call
    u_max=float(getattr(config.controllers[ctrl_name], "max_force", 150.0)),
                        ^^^^^^^^^^^^^^^^^^^^^^^^^^^^^
E   KeyError: 'adaptive_smc'
_______________________ test_classical_smc_convergence ________________________
tests\test_benchmarks\test_performance.py:265: in test_classical_smc_convergence
    result = benchmark.pedantic(
C:\Users\sadeg\AppData\Local\Programs\Python\Python313\Lib\site-packages\pytest_benchmark\fixture.py:167: in pedantic
    return self._raw_pedantic(
C:\Users\sadeg\AppData\Local\Programs\Python\Python313\Lib\site-packages\pytest_benchmark\fixture.py:256: in _raw_pedantic
    duration = runner(loops_range)
               ^^^^^^^^^^^^^^^^^^^
C:\Users\sadeg\AppData\Local\Programs\Python\Python313\Lib\site-packages\pytest_benchmark\fixture.py:109: in runner
    function_to_benchmark(*args, **kwargs)
tests\test_benchmarks\test_performance.py:257: in _batch_convergence_time
    rms_per_batch = np.sqrt(np.mean(controls_b**2, axis=1))
                            ^^^^^^^^^^^^^^^^^^^^^^^^^^^^^^
C:\Users\sadeg\AppData\Local\Programs\Python\Python313\Lib\site-packages\numpy\_core\fromnumeric.py:3860: in mean
    return _methods._mean(a, axis=axis, dtype=dtype,
C:\Users\sadeg\AppData\Local\Programs\Python\Python313\Lib\site-packages\numpy\_core\_methods.py:124: in _mean
    warnings.warn("Mean of empty slice.", RuntimeWarning, stacklevel=2)
E   RuntimeWarning: Mean of empty slice.
_______________________ test_sta_smc_convergence[False] _______________________
tests\test_benchmarks\test_performance.py:286: in test_sta_smc_convergence
    result = benchmark.pedantic(
C:\Users\sadeg\AppData\Local\Programs\Python\Python313\Lib\site-packages\pytest_benchmark\fixture.py:167: in pedantic
    return self._raw_pedantic(
C:\Users\sadeg\AppData\Local\Programs\Python\Python313\Lib\site-packages\pytest_benchmark\fixture.py:256: in _raw_pedantic
    duration = runner(loops_range)
               ^^^^^^^^^^^^^^^^^^^
C:\Users\sadeg\AppData\Local\Programs\Python\Python313\Lib\site-packages\pytest_benchmark\fixture.py:109: in runner
    function_to_benchmark(*args, **kwargs)
tests\test_benchmarks\test_performance.py:257: in _batch_convergence_time
    rms_per_batch = np.sqrt(np.mean(controls_b**2, axis=1))
                            ^^^^^^^^^^^^^^^^^^^^^^^^^^^^^^
C:\Users\sadeg\AppData\Local\Programs\Python\Python313\Lib\site-packages\numpy\_core\fromnumeric.py:3860: in mean
    return _methods._mean(a, axis=axis, dtype=dtype,
C:\Users\sadeg\AppData\Local\Programs\Python\Python313\Lib\site-packages\numpy\_core\_methods.py:124: in _mean
    warnings.warn("Mean of empty slice.", RuntimeWarning, stacklevel=2)
E   RuntimeWarning: Mean of empty slice.
_______________________ test_sta_smc_convergence[True] ________________________
tests\test_benchmarks\test_performance.py:286: in test_sta_smc_convergence
    result = benchmark.pedantic(
C:\Users\sadeg\AppData\Local\Programs\Python\Python313\Lib\site-packages\pytest_benchmark\fixture.py:167: in pedantic
    return self._raw_pedantic(
C:\Users\sadeg\AppData\Local\Programs\Python\Python313\Lib\site-packages\pytest_benchmark\fixture.py:256: in _raw_pedantic
    duration = runner(loops_range)
               ^^^^^^^^^^^^^^^^^^^
C:\Users\sadeg\AppData\Local\Programs\Python\Python313\Lib\site-packages\pytest_benchmark\fixture.py:109: in runner
    function_to_benchmark(*args, **kwargs)
tests\test_benchmarks\test_performance.py:230: in _batch_convergence_time
    t, states_b, controls_b, sigma_b = simulate_system_batch(
src\core\vector_sim.py:326: in simulate_system_batch
    ctrl = controller_factory(part_arr[j])
           ^^^^^^^^^^^^^^^^^^^^^^^^^^^^^^^
tests\test_benchmarks\test_performance.py:192: in controller_factory
    kwargs_controller['dynamics_model'] = DoubleInvertedPendulum(physics_params)
                                          ^^^^^^^^^^^^^^^^^^^^^^^^^^^^^^^^^^^^^^
src\core\dynamics.py:449: in __init__
    phys_cfg = PhysicsConfig(**param_dict)  # type: ignore[arg-type]
               ^^^^^^^^^^^^^^^^^^^^^^^^^^^
E   pydantic_core._pydantic_core.ValidationError: 13 validation errors for PhysicsConfig
E   cart_mass
E     Field required [type=missing, input_value={}, input_type=dict]
E       For further information visit https://errors.pydantic.dev/2.11/v/missing
E   pendulum1_mass
E     Field required [type=missing, input_value={}, input_type=dict]
E       For further information visit https://errors.pydantic.dev/2.11/v/missing
E   pendulum2_mass
E     Field required [type=missing, input_value={}, input_type=dict]
E       For further information visit https://errors.pydantic.dev/2.11/v/missing
E   pendulum1_length
E     Field required [type=missing, input_value={}, input_type=dict]
E       For further information visit https://errors.pydantic.dev/2.11/v/missing
E   pendulum2_length
E     Field required [type=missing, input_value={}, input_type=dict]
E       For further information visit https://errors.pydantic.dev/2.11/v/missing
E   pendulum1_com
E     Field required [type=missing, input_value={}, input_type=dict]
E       For further information visit https://errors.pydantic.dev/2.11/v/missing
E   pendulum2_com
E     Field required [type=missing, input_value={}, input_type=dict]
E       For further information visit https://errors.pydantic.dev/2.11/v/missing
E   pendulum1_inertia
E     Field required [type=missing, input_value={}, input_type=dict]
E       For further information visit https://errors.pydantic.dev/2.11/v/missing
E   pendulum2_inertia
E     Field required [type=missing, input_value={}, input_type=dict]
E       For further information visit https://errors.pydantic.dev/2.11/v/missing
E   gravity
E     Field required [type=missing, input_value={}, input_type=dict]
E       For further information visit https://errors.pydantic.dev/2.11/v/missing
E   cart_friction
E     Field required [type=missing, input_value={}, input_type=dict]
E       For further information visit https://errors.pydantic.dev/2.11/v/missing
E   joint1_friction
E     Field required [type=missing, input_value={}, input_type=dict]
E       For further information visit https://errors.pydantic.dev/2.11/v/missing
E   joint2_friction
E     Field required [type=missing, input_value={}, input_type=dict]
E       For further information visit https://errors.pydantic.dev/2.11/v/missing
_________________ test_statistical_harness_sample_size_and_ci _________________
src\benchmarks\statistical_benchmarks.py:156: in run_trials
    t, x_b, u_b, sigma_b = simulate_system_batch(
E   TypeError: simulate_system_batch() takes 0 positional arguments but 2 positional arguments (and 4 keyword-only arguments) were given

During handling of the above exception, another exception occurred:
tests\test_benchmarks\test_statistical_benchmarks.py:168: in test_statistical_harness_sample_size_and_ci
    metrics30, ci30 = run_trials(
src\benchmarks\statistical_benchmarks.py:166: in run_trials
    t, x_b, u_b, sigma_b = simulate_system_batch(
E   TypeError: simulate_system_batch() takes 0 positional arguments but 2 positional arguments (and 3 keyword-only arguments) were given
______________________ test_sta_smc_state_vars_signature ______________________
tests\test_controllers\test_controller_basics.py:36: in test_sta_smc_state_vars_signature
    u, next_state_vars, hist = ctrl.compute_control(state, state_vars, history)
                               ^^^^^^^^^^^^^^^^^^^^^^^^^^^^^^^^^^^^^^^^^^^^^^^^
src\controllers\sta_smc.py:373: in compute_control
    sgn_sigma = saturate(sigma, self.boundary_layer, method=self.switch_method)
                ^^^^^^^^^^^^^^^^^^^^^^^^^^^^^^^^^^^^^^^^^^^^^^^^^^^^^^^^^^^^^^^
src\utils\control_primitives.py:145: in saturate
    warnings.warn(
E   RuntimeWarning: The 'linear' switching method implements a piecewise\u2011linear saturation, which approximates the sign function poorly near zero and can degrade chattering performance.  Consider using 'tanh' for smoother control.
_______________________ test_factory_and_dynamics_core ________________________
tests\test_controllers\test_factory_dynamics_consolidated.py:16: in test_factory_and_dynamics_core
    assert "Available: alpha, beta, zeta" in str(e1.value)
E   assert 'Available: alpha, beta, zeta' in "Controller 'does_not_exist' is not a recognized type"
E    +  where "Controller 'does_not_exist' is not a recognized type" = str(ValueError("Controller 'does_not_exist' is not a recognized type"))
E    +    where ValueError("Controller 'does_not_exist' is not a recognized type") = <ExceptionInfo ValueError("Controller 'does_not_exist' is not a recognized type") tblen=2>.value
___________________ test_robustness_sweep[0.0005-0.15--0.1] ___________________
tests\test_controllers\test_hybrid_extra.py:198: in test_robustness_sweep
[...]
    ???
<frozen importlib._bootstrap>:935: in _load_unlocked
    ???
<frozen importlib._bootstrap_external>:1026: in exec_module
    ???
<frozen importlib._bootstrap>:488: in _call_with_frames_removed
    ???
benchmarks\statistical_benchmarks.py:3: in <module>
    warnings.warn("Import moved to src.benchmarks.statistical_benchmarks", DeprecationWarning, stacklevel=2)
E   DeprecationWarning: Import moved to src.benchmarks.statistical_benchmarks
______________________ test_cli_stdout_is_deterministic _______________________
tests\test_optimizer\test_cli_determinism.py:223: in test_cli_stdout_is_deterministic
    out1 = _run_cli(app, cfg)
           ^^^^^^^^^^^^^^^^^^
tests\test_optimizer\test_cli_determinism.py:207: in _run_cli
    assert proc.returncode == 0, (
E   AssertionError: CLI failed (code=1).
E     STDOUT:
E     
E     STDERR:
E     ERROR:root:Application failed with a critical error: Deprecated PSO configuration fields present: hyper_trials, hyper_search, study_timeout. Please remove these fields from the configuration.
E     Traceback (most recent call last):
E       File "D:\Projects\main\DIP_SMC_PSO\app.py", line 700, in main
E         return _run_pso(run_args)
E       File "D:\Projects\main\DIP_SMC_PSO\app.py", line 369, in _run_pso
E         tuner = PSOTuner(controller_factory, config=cfg, seed=seed_to_use)
E       File "D:\Projects\main\DIP_SMC_PSO\src\optimizer\pso_optimizer.py", line 193, in __init__
E         raise ValueError(
E         ...<2 lines>...
E         )
E     ValueError: Deprecated PSO configuration fields present: hyper_trials, hyper_search, study_timeout. Please remove these fields from the configuration.
E     
E   assert 1 == 0
E    +  where 1 = CompletedProcess(args=['C:\\Users\\sadeg\\AppData\\Local\\Programs\\Python\\Python313\\python.exe', 'D:\\Projects\\mai...ation fields present: hyper_trials, hyper_search, study_timeout. Please remove these fields from the configuration.\n').returncode
_______________________ test_pso_velocity_clamp_passed ________________________
tests\test_optimizer\test_pso_enhancements.py:191: in test_pso_velocity_clamp_passed
    with patch('pyswarms.single.GlobalBestPSO', new=FakePSO):
         ^^^^^^^^^^^^^^^^^^^^^^^^^^^^^^^^^^^^^^^^^^^^^^^^^^^
C:\Users\sadeg\AppData\Local\Programs\Python\Python313\Lib\unittest\mock.py:1481: in __enter__
    self.target = self.getter()
                  ^^^^^^^^^^^^^
C:\Users\sadeg\AppData\Local\Programs\Python\Python313\Lib\pkgutil.py:513: in resolve_name
    mod = importlib.import_module(modname)
          ^^^^^^^^^^^^^^^^^^^^^^^^^^^^^^^^
C:\Users\sadeg\AppData\Local\Programs\Python\Python313\Lib\importlib\__init__.py:88: in import_module
    return _bootstrap._gcd_import(name[level:], package, level)
           ^^^^^^^^^^^^^^^^^^^^^^^^^^^^^^^^^^^^^^^^^^^^^^^^^^^^
<frozen importlib._bootstrap>:1387: in _gcd_import
    ???
<frozen importlib._bootstrap>:1360: in _find_and_load
    ???
<frozen importlib._bootstrap>:1324: in _find_and_load_unlocked
    ???
E   ModuleNotFoundError: No module named 'pyswarms'
_____________________ test_pso_w_schedule_updates_inertia _____________________
tests\test_optimizer\test_pso_enhancements.py:220: in test_pso_w_schedule_updates_inertia
    with patch('pyswarms.single.GlobalBestPSO', new=FakePSO):
         ^^^^^^^^^^^^^^^^^^^^^^^^^^^^^^^^^^^^^^^^^^^^^^^^^^^
C:\Users\sadeg\AppData\Local\Programs\Python\Python313\Lib\unittest\mock.py:1481: in __enter__
    self.target = self.getter()
                  ^^^^^^^^^^^^^
C:\Users\sadeg\AppData\Local\Programs\Python\Python313\Lib\pkgutil.py:513: in resolve_name
    mod = importlib.import_module(modname)
          ^^^^^^^^^^^^^^^^^^^^^^^^^^^^^^^^
C:\Users\sadeg\AppData\Local\Programs\Python\Python313\Lib\importlib\__init__.py:88: in import_module
    return _bootstrap._gcd_import(name[level:], package, level)
           ^^^^^^^^^^^^^^^^^^^^^^^^^^^^^^^^^^^^^^^^^^^^^^^^^^^^
<frozen importlib._bootstrap>:1387: in _gcd_import
    ???
<frozen importlib._bootstrap>:1360: in _find_and_load
    ???
<frozen importlib._bootstrap>:1324: in _find_and_load_unlocked
    ???
E   ModuleNotFoundError: No module named 'pyswarms'
_____________________ test_cross_field_acceptance_covered _____________________
tests\test_property_based.py:26: in test_cross_field_acceptance_covered
    @settings(deadline=None, max_examples=50)
                   ^^^
C:\Users\sadeg\AppData\Local\Programs\Python\Python313\Lib\site-packages\hypothesis\internal\conjecture\engine.py:929: in run
    self._run()
C:\Users\sadeg\AppData\Local\Programs\Python\Python313\Lib\site-packages\hypothesis\internal\conjecture\engine.py:1499: in _run
    self.generate_new_examples()
C:\Users\sadeg\AppData\Local\Programs\Python\Python313\Lib\site-packages\hypothesis\internal\conjecture\engine.py:1255: in generate_new_examples
    self.test_function(data)
C:\Users\sadeg\AppData\Local\Programs\Python\Python313\Lib\site-packages\hypothesis\internal\conjecture\engine.py:519: in test_function
    self.__stoppable_test_function(data)
C:\Users\sadeg\AppData\Local\Programs\Python\Python313\Lib\site-packages\hypothesis\internal\conjecture\engine.py:413: in __stoppable_test_function
    self._test_function(data)
C:\Users\sadeg\AppData\Local\Programs\Python\Python313\Lib\site-packages\hypothesis\core.py:1207: in _execute_once_for_engine
    result = self.execute_once(data)
             ^^^^^^^^^^^^^^^^^^^^^^^
C:\Users\sadeg\AppData\Local\Programs\Python\Python313\Lib\site-packages\hypothesis\core.py:1147: in execute_once
    result = self.test_runner(data, run)
             ^^^^^^^^^^^^^^^^^^^^^^^^^^^
C:\Users\sadeg\AppData\Local\Programs\Python\Python313\Lib\site-packages\hypothesis\core.py:822: in default_executor
    return function(data)
           ^^^^^^^^^^^^^^
C:\Users\sadeg\AppData\Local\Programs\Python\Python313\Lib\site-packages\hypothesis\core.py:1050: in run
    kw, argslices = context.prep_args_kwargs_from_strategies(
C:\Users\sadeg\AppData\Local\Programs\Python\Python313\Lib\site-packages\hypothesis\control.py:176: in prep_args_kwargs_from_strategies
    obj = self.data.draw(s, observe_as=f"generate:{k}")
          ^^^^^^^^^^^^^^^^^^^^^^^^^^^^^^^^^^^^^^^^^^^^^
C:\Users\sadeg\AppData\Local\Programs\Python\Python313\Lib\site-packages\hypothesis\internal\conjecture\data.py:1237: in draw
    v = unwrapped.do_draw(self)
        ^^^^^^^^^^^^^^^^^^^^^^^
C:\Users\sadeg\AppData\Local\Programs\Python\Python313\Lib\site-packages\hypothesis\strategies\_internal\collections.py:206: in do_draw
    result.append(data.draw(self.element_strategy))
                  ^^^^^^^^^^^^^^^^^^^^^^^^^^^^^^^^
C:\Users\sadeg\AppData\Local\Programs\Python\Python313\Lib\site-packages\hypothesis\internal\conjecture\data.py:1232: in draw
    return unwrapped.do_draw(self)
           ^^^^^^^^^^^^^^^^^^^^^^^
C:\Users\sadeg\AppData\Local\Programs\Python\Python313\Lib\site-packages\hypothesis\strategies\_internal\strings.py:167: in do_draw
    return data.draw_string(
C:\Users\sadeg\AppData\Local\Programs\Python\Python313\Lib\site-packages\hypothesis\internal\conjecture\data.py:991: in draw_string
    return self._draw("string", constraints, observe=observe, forced=forced)
           ^^^^^^^^^^^^^^^^^^^^^^^^^^^^^^^^^^^^^^^^^^^^^^^^^^^^^^^^^^^^^^^^^
C:\Users\sadeg\AppData\Local\Programs\Python\Python313\Lib\site-packages\hypothesis\internal\conjecture\data.py:831: in _draw
    value = getattr(self.provider, f"draw_{choice_type}")(**constraints)
            ^^^^^^^^^^^^^^^^^^^^^^^^^^^^^^^^^^^^^^^^^^^^^^^^^^^^^^^^^^^^
C:\Users\sadeg\AppData\Local\Programs\Python\Python313\Lib\site-packages\hypothesis\internal\conjecture\providers.py:893: in draw_string
    constant := self._maybe_draw_constant(
C:\Users\sadeg\AppData\Local\Programs\Python\Python313\Lib\site-packages\hypothesis\internal\conjecture\providers.py:694: in _maybe_draw_constant
    assert self._local_constants is not None
           ^^^^^^^^^^^^^^^^^^^^^
C:\Users\sadeg\AppData\Local\Programs\Python\Python313\Lib\functools.py:1026: in __get__
    val = self.func(instance)
          ^^^^^^^^^^^^^^^^^^^
C:\Users\sadeg\AppData\Local\Programs\Python\Python313\Lib\site-packages\hypothesis\internal\conjecture\providers.py:677: in _local_constants
    return _get_local_constants()
           ^^^^^^^^^^^^^^^^^^^^^^
C:\Users\sadeg\AppData\Local\Programs\Python\Python313\Lib\site-packages\hypothesis\internal\conjecture\providers.py:280: in _get_local_constants
    new_modules = set(sys.modules.values()) - set(_seen_modules)
                  ^^^^^^^^^^^^^^^^^^^^^^^^^
E   TypeError: unhashable type: 'types.SimpleNamespace'
E   while generating 'sc' from lists(text(alphabet=characters(min_codepoint=32, max_codepoint=1114111, blacklist_categories=('Cs',)), min_size=1, max_size=40), min_size=1, max_size=5)
--------------------------------- Hypothesis ----------------------------------
You can add @seed(52656495260932992197603543113397032305) to this test or run pytest with --hypothesis-seed=52656495260932992197603543113397032305 to reproduce this failure.
_______________ test_cross_field_acceptance_missing_trips_error _______________
tests\test_property_based.py:34: in test_cross_field_acceptance_missing_trips_error
    @settings(deadline=None, max_examples=50)
                   ^^^
C:\Users\sadeg\AppData\Local\Programs\Python\Python313\Lib\site-packages\hypothesis\internal\conjecture\engine.py:929: in run
    self._run()
C:\Users\sadeg\AppData\Local\Programs\Python\Python313\Lib\site-packages\hypothesis\internal\conjecture\engine.py:1499: in _run
    self.generate_new_examples()
C:\Users\sadeg\AppData\Local\Programs\Python\Python313\Lib\site-packages\hypothesis\internal\conjecture\engine.py:1202: in generate_new_examples
    prefix = self.generate_novel_prefix()
             ^^^^^^^^^^^^^^^^^^^^^^^^^^^^
C:\Users\sadeg\AppData\Local\Programs\Python\Python313\Lib\site-packages\hypothesis\internal\conjecture\engine.py:722: in generate_novel_prefix
    return self.tree.generate_novel_prefix(self.random)
           ^^^^^^^^^^^^^^^^^^^^^^^^^^^^^^^^^^^^^^^^^^^^
C:\Users\sadeg\AppData\Local\Programs\Python\Python313\Lib\site-packages\hypothesis\internal\conjecture\datatree.py:783: in generate_novel_prefix
    node_value = self._draw(
C:\Users\sadeg\AppData\Local\Programs\Python\Python313\Lib\site-packages\hypothesis\internal\conjecture\datatree.py:894: in _draw
    value = draw_choice(choice_type, constraints, random=random)
            ^^^^^^^^^^^^^^^^^^^^^^^^^^^^^^^^^^^^^^^^^^^^^^^^^^^^
C:\Users\sadeg\AppData\Local\Programs\Python\Python313\Lib\site-packages\hypothesis\internal\conjecture\data.py:1381: in draw_choice
    return cast(ChoiceT, getattr(cd.provider, f"draw_{choice_type}")(**constraints))
                         ^^^^^^^^^^^^^^^^^^^^^^^^^^^^^^^^^^^^^^^^^^^^^^^^^^^^^^^^^^
C:\Users\sadeg\AppData\Local\Programs\Python\Python313\Lib\site-packages\hypothesis\internal\conjecture\providers.py:893: in draw_string
    constant := self._maybe_draw_constant(
C:\Users\sadeg\AppData\Local\Programs\Python\Python313\Lib\site-packages\hypothesis\internal\conjecture\providers.py:694: in _maybe_draw_constant
    assert self._local_constants is not None
           ^^^^^^^^^^^^^^^^^^^^^
C:\Users\sadeg\AppData\Local\Programs\Python\Python313\Lib\functools.py:1026: in __get__
    val = self.func(instance)
          ^^^^^^^^^^^^^^^^^^^
C:\Users\sadeg\AppData\Local\Programs\Python\Python313\Lib\site-packages\hypothesis\internal\conjecture\providers.py:677: in _local_constants
    return _get_local_constants()
           ^^^^^^^^^^^^^^^^^^^^^^
C:\Users\sadeg\AppData\Local\Programs\Python\Python313\Lib\site-packages\hypothesis\internal\conjecture\providers.py:280: in _get_local_constants
    new_modules = set(sys.modules.values()) - set(_seen_modules)
                  ^^^^^^^^^^^^^^^^^^^^^^^^^
E   TypeError: unhashable type: 'types.SimpleNamespace'
--------------------------------- Hypothesis ----------------------------------
You can add @seed(234191880634902902339923546204866195215) to this test or run pytest with --hypothesis-seed=234191880634902902339923546204866195215 to reproduce this failure.
_______________________ test_control_analysis_full_rank _______________________
tests\test_utils\test_control_analysis_module.py:28: in test_control_analysis_full_rank
    assert ctrl is True
E   assert np.True_ is True
____________________ test_control_analysis_rank_deficient _____________________
tests\test_utils\test_control_analysis_module.py:39: in test_control_analysis_rank_deficient
    assert ctrl is False
E   assert np.False_ is False
____________________________ test_saturate_linear _____________________________
tests\test_utils\test_control_primitives.py:12: in test_saturate_linear
    assert saturate(10, 1, method='linear') == 1.0
           ^^^^^^^^^^^^^^^^^^^^^^^^^^^^^^^^
src\utils\control_primitives.py:145: in saturate
    warnings.warn(
E   RuntimeWarning: The 'linear' switching method implements a piecewise\u2011linear saturation, which approximates the sign function poorly near zero and can degrade chattering performance.  Consider using 'tanh' for smoother control.
___________________ test_control_primitives_core_behaviors ____________________
tests\test_utils\test_control_primitives_consolidated.py:10: in test_control_primitives_core_behaviors
    assert saturate(0.0, 1.0, method="linear") == 0.0
           ^^^^^^^^^^^^^^^^^^^^^^^^^^^^^^^^^^^
src\utils\control_primitives.py:145: in saturate
    warnings.warn(
E   RuntimeWarning: The 'linear' switching method implements a piecewise\u2011linear saturation, which approximates the sign function poorly near zero and can degrade chattering performance.  Consider using 'tanh' for smoother control.
=========================== short test summary info ===========================
FAILED tests/config_validation/test_config_validation.py::TestPositiveValidation::test_full_config_loads
FAILED tests/test_app/test_cli.py::test_app_fails_fast_on_invalid_controller
FAILED tests/test_app/test_cli.py::test_app_fails_on_backend_error_in_hil - A...
FAILED tests/test_app/test_cli.py::TestControllerFailFast::test_invalid_controller_name_fails
FAILED tests/test_app/test_cli.py::TestGeneralFailFast::test_no_broad_exception_handlers
FAILED tests/test_app/test_data_export.py::test_csv_export_includes_final_state
FAILED tests/test_benchmarks/test_performance.py::test_controller_compute_speed[classical_smc]
FAILED tests/test_benchmarks/test_performance.py::test_controller_compute_speed[sta_smc]
FAILED tests/test_benchmarks/test_performance.py::test_controller_compute_speed[adaptive_smc]
FAILED tests/test_benchmarks/test_performance.py::test_full_simulation_throughput[classical_smc]
FAILED tests/test_benchmarks/test_performance.py::test_full_simulation_throughput[sta_smc]
FAILED tests/test_benchmarks/test_performance.py::test_full_simulation_throughput[adaptive_smc]
FAILED tests/test_benchmarks/test_performance.py::test_classical_smc_convergence
FAILED tests/test_benchmarks/test_performance.py::test_sta_smc_convergence[False]
FAILED tests/test_benchmarks/test_performance.py::test_sta_smc_convergence[True]
FAILED tests/test_benchmarks/test_statistical_benchmarks.py::test_statistical_harness_sample_size_and_ci
FAILED tests/test_controllers/test_controller_basics.py::test_sta_smc_state_vars_signature
FAILED tests/test_controllers/test_factory_dynamics_consolidated.py::test_factory_and_dynamics_core
FAILED tests/test_controllers/test_hybrid_extra.py::test_robustness_sweep[0.0005-0.15--0.1]
FAILED tests/test_controllers/test_hybrid_extra.py::test_robustness_sweep[0.001-0.2--0.15]
FAILED tests/test_controllers/test_hybrid_extra.py::test_robustness_sweep[0.0015-0.12--0.08]
FAILED tests/test_controllers/test_hybrid_extra.py::test_gain_growth_slows_in_second_half
FAILED tests/test_controllers/test_hybrid_extra.py::test_long_run_no_drift - ...
FAILED tests/test_controllers/test_mpc_consolidated.py::test_mpc_optional_dep_and_param_validation
FAILED tests/test_controllers/test_smc_guardrails_consolidated.py::test_smc_guardrails_and_smokes
FAILED tests/test_core/test_config.py::test_config_loads_and_maps_controllers
FAILED tests/test_core/test_determinism.py::test_cli_stdout_is_deterministic
FAILED tests/test_core/test_dynamics.py::test_rhs_returns_nan_for_ill_conditioned_matrix
FAILED tests/test_core/test_dynamics.py::test_rhs_handles_singularity_gracefully
FAILED tests/test_core/test_dynamics_extra.py::test_inertia_shape_and_symmetry[state0]
FAILED tests/test_core/test_dynamics_extra.py::test_inertia_shape_and_symmetry[state1]
FAILED tests/test_core/test_dynamics_extra.py::test_passivity_energy_conservation_short_step
FAILED tests/test_core/test_dynamics_extra.py::test_singularity_and_regularization
FAILED tests/test_core/test_dynamics_extra.py::test_simplified_vs_full_zero_input_close
FAILED tests/test_core/test_dynamics_extra.py::test_numba_cache_regression - ...
FAILED tests/test_core/test_dynamics_full_integration.py::TestToggle::test_full_vs_lowrank_path
FAILED tests/test_core/test_latency_and_logging.py::test_provenance_logging_attaches_metadata
FAILED tests/test_integration/test_settings_precedence.py::test_env_overrides_file
FAILED tests/test_integration/test_settings_precedence.py::test_dotenv_overrides_file_but_not_env
FAILED tests/test_integration/test_settings_precedence.py::test_file_used_when_no_env_or_dotenv
FAILED tests/test_logging_no_basicconfig.py::test_no_basicConfig_on_import - ...
FAILED tests/test_optimizer/test_cli_determinism.py::test_cli_stdout_is_deterministic
FAILED tests/test_optimizer/test_pso_enhancements.py::test_pso_velocity_clamp_passed
FAILED tests/test_optimizer/test_pso_enhancements.py::test_pso_w_schedule_updates_inertia
FAILED tests/test_property_based.py::test_cross_field_acceptance_covered - Ty...
FAILED tests/test_property_based.py::test_cross_field_acceptance_missing_trips_error
FAILED tests/test_utils/test_control_analysis_module.py::test_control_analysis_full_rank
FAILED tests/test_utils/test_control_analysis_module.py::test_control_analysis_rank_deficient
FAILED tests/test_utils/test_control_primitives.py::test_saturate_linear - Ru...
FAILED tests/test_utils/test_control_primitives_consolidated.py::test_control_primitives_core_behaviors
ERROR tests/test_benchmarks/test_performance.py::test_controller_compute_speed[classical_smc]
ERROR tests/test_benchmarks/test_performance.py::test_controller_compute_speed[sta_smc]
ERROR tests/test_benchmarks/test_performance.py::test_controller_compute_speed[adaptive_smc]
ERROR tests/test_controllers/test_adaptive_smc.py::test_adaptive_smc_gains_are_configurable
ERROR tests/test_controllers/test_adaptive_smc.py::test_adaptive_gain_increases_on_large_error
ERROR tests/test_controllers/test_adaptive_smc.py::test_gain_remains_bounded_under_chattering
ERROR tests/test_controllers/test_hybrid_adaptive_sta_smc.py::test_stabilization_and_adaptation
ERROR tests/test_controllers/test_sta_smc.py::test_finite_time_convergence
ERROR tests/test_controllers/test_sta_smc.py::test_initialize_and_compute_control
ERROR tests/test_core/test_config.py::test_physics_config_rejects_zero_mass
ERROR tests/test_core/test_config.py::test_physics_config_rejects_negative_inertia
ERROR tests/test_core/test_config.py::test_physics_config_rejects_invalid_com
ERROR tests/test_core/test_config.py::test_physics_config_rejects_nonpositive_com
ERROR tests/test_core/test_dynamics.py::test_full_inertia_matrix_shape_and_symmetry
ERROR tests/test_core/test_dynamics.py::test_full_dynamics_computation - src....
ERROR tests/test_core/test_dynamics.py::test_passivity_verification - src.con...
ERROR tests/test_core/test_dynamics.py::test_singularity_check - src.config.I...
ERROR tests/test_core/test_interfaces.py::test_simulation_is_thread_safe
ERROR tests/test_core/test_lyapunov.py::test_lyapunov_decrease_sta
================== 50 failed, 91 passed, 19 errors in 27.46s ==================
