<?xml version="1.0" encoding="utf-8"?><testsuites name="pytest tests"><testsuite name="pytest" errors="7" failures="48" skipped="0" tests="178" time="29.868" timestamp="2025-09-14T20:35:57.495831+03:30" hostname="SadeQ"><testcase classname="test_sample" name="test_example" time="0.002" /><testcase classname="tests.config_validation.test_config_validation.TestUnknownKeyValidation" name="test_single_unknown_key_physics" time="0.027" /><testcase classname="tests.config_validation.test_config_validation.TestUnknownKeyValidation" name="test_multiple_unknown_keys_aggregated" time="0.018" /><testcase classname="tests.config_validation.test_config_validation.TestTypeValidation" name="test_single_wrong_type" time="0.015" /><testcase classname="tests.config_validation.test_config_validation.TestTypeValidation" name="test_multiple_wrong_types_aggregated" time="0.022" /><testcase classname="tests.config_validation.test_config_validation.TestPositiveValidation" name="test_minimal_valid_config" time="0.018" /><testcase classname="tests.config_validation.test_config_validation.TestPositiveValidation" name="test_full_config_loads" time="0.028" /><testcase classname="tests.config_validation.test_config_validation.TestMixedValidationErrors" name="test_unknown_keys_and_wrong_types_combined" time="0.018" /><testcase classname="tests.config_validation.test_config_validation.TestErrorMessageDeterminism" name="test_error_message_structure_consistent" time="0.022" /><testcase classname="tests.test_app.test_cli" name="test_app_fails_fast_on_invalid_controller" time="2.000" /><testcase classname="tests.test_app.test_cli" name="test_app_fails_on_backend_error_in_hil" time="2.034" /><testcase classname="tests.test_app.test_cli.TestDynamicsFailFast" name="test_dynamics_import_error_propagates" time="1.832" /><testcase classname="tests.test_app.test_cli.TestDynamicsFailFast" name="test_dynamics_syntax_error_propagates" time="0.008" /><testcase classname="tests.test_app.test_cli.TestControllerFailFast" name="test_invalid_controller_name_fails" time="1.858" /><testcase classname="tests.test_app.test_cli.TestControllerFailFast" name="test_controller_factory_missing_fails" time="1.944" /><testcase classname="tests.test_app.test_cli.TestUIFailFast" name="test_visualizer_import_failure_is_fatal" time="1.851" /><testcase classname="tests.test_app.test_cli.TestGeneralFailFast" name="test_no_broad_exception_handlers" time="0.003" /><testcase classname="tests.test_app.test_cli.TestGeneralFailFast" name="test_app_crashes_on_missing_numpy" time="0.562" /><testcase classname="tests.test_app.test_cli" name="test_app_fails_fast_on_invalid_fdi_config" time="1.848" /><testcase classname="tests.test_app.test_cli_save_gains" name="test_cli_save_gains_creates_file_and_logs" time="1.927" /><testcase classname="tests.test_app.test_data_export" name="test_csv_export_includes_final_state" time="0.028"><failure message="assert 1 == (10 + 1)&#10; +  where 1 = len(array([0.]))">tmp_path = WindowsPath('C:/Users/sadeg/AppData/Local/Temp/pytest-of-sadeg/pytest-203/test_csv_export_includes_final0')

    def test_csv_export_includes_final_state(tmp_path):
        """
        Verify that the exported CSV from the Streamlit app is not truncated
        and includes the final simulation state.
    
        Why: This test catches the off-by-one error where the final state vector
        was being omitted from the CSV export. We simulate the exact export logic
        from streamlit_app.py to ensure data integrity.
        """
        # 1. Setup a minimal simulation
        cfg = load_config(allow_unknown=True)
        physics = cfg.physics.model_dump()
        dyn = DIPDynamics(physics)
        gains = cfg.controller_defaults.classical_smc.gains
        ctrl = create_controller("classical_smc", gains=gains, config=cfg)
        sim_time = 0.1
        dt = 0.01
        n_steps = int(sim_time / dt)  # Should be 10 steps
    
        t_sim, x_sim, u_sim = run_simulation(
            controller=ctrl,
            dynamics_model=dyn,
            sim_time=sim_time,
            dt=dt,
            initial_state=np.zeros(6),
        )
    
        # Verify our assumptions about the simulation output
&gt;       assert len(t_sim) == n_steps + 1  # 0.0, 0.01, ..., 0.1 (11 values)
        ^^^^^^^^^^^^^^^^^^^^^^^^^^^^^^^^
E       assert 1 == (10 + 1)
E        +  where 1 = len(array([0.]))

tests\test_app\test_data_export.py:47: AssertionError</failure></testcase><testcase classname="tests.test_app.test_data_export" name="test_csv_export_with_old_bug" time="0.001" /><testcase classname="tests.test_app.test_data_export" name="test_csv_numeric_precision" time="0.004" /><testcase classname="tests.test_app.test_streamlit_app" name="test_app_import_and_main" time="0.685" /><testcase classname="tests.test_app.test_streamlit_disturbance" name="test_disturbance_applies_in_window_and_time_advances" time="0.002" /><testcase classname="tests.test_app.test_streamlit_metrics" name="test_metrics_with_minimal_traces" time="0.001" /><testcase classname="tests.test_app.test_streamlit_metrics" name="test_metrics_tolerances_affect_settling_time" time="0.001" /><testcase classname="tests.test_app.test_ui" name="test_parse_initial_state_raises_on_unexpected_error" time="0.002" /><testcase classname="tests.test_app.test_ui" name="test_parse_initial_state_handles_empty_input" time="0.003" /><testcase classname="tests.test_app.test_visualization" name="test_visualizer_no_type_or_index_error" time="0.019" /><testcase classname="tests.test_benchmarks.test_performance" name="test_controller_compute_speed[classical_smc]" time="1.237" /><testcase classname="tests.test_benchmarks.test_performance" name="test_controller_compute_speed[sta_smc]" time="0.436" /><testcase classname="tests.test_benchmarks.test_performance" name="test_controller_compute_speed[adaptive_smc]" time="0.002"><failure message="ValueError: AdaptiveSMC requires at least 5 gains: [k1, k2, lam1, lam2, gamma]">ctrl_name = 'adaptive_smc'
config = &lt;test_streamlit_app.install_fake_modules.&lt;locals&gt;.Cfg object at 0x000002907FAC6FD0&gt;
benchmark = &lt;pytest_benchmark.fixture.BenchmarkFixture object at 0x000002907FAC74D0&gt;

    @pytest.mark.benchmark(group="controller.compute_control")
    @pytest.mark.parametrize("ctrl_name", CTRL_NAMES)
    def test_controller_compute_speed(ctrl_name, config, benchmark):
        """
        Measure raw compute cost of each controller's compute_control on a static state.
        The benchmark intentionally uses a constant state and stable per-call args to
        isolate the cost of the control law itself (no integration, minimal Python noise).
        """
        if create_controller is None:
            pytest.skip("Controller factory not available to instantiate controllers.")
    
        gains = _default_gains_for(ctrl_name, config)
&gt;       controller = create_controller(ctrl_name, gains=gains, config=config)
                     ^^^^^^^^^^^^^^^^^^^^^^^^^^^^^^^^^^^^^^^^^^^^^^^^^^^^^^^^

tests\test_benchmarks\test_performance.py:82: 
_ _ _ _ _ _ _ _ _ _ _ _ _ _ _ _ _ _ _ _ _ _ _ _ _ _ _ _ _ _ _ _ _ _ _ _ _ _ _ _
src\controllers\factory.py:1154: in create_controller
    return AdaptiveSMC(**known_params)
           ^^^^^^^^^^^^^^^^^^^^^^^^^^^
src\controllers\adaptive_smc.py:145: in __init__
    self.validate_gains(gains)
_ _ _ _ _ _ _ _ _ _ _ _ _ _ _ _ _ _ _ _ _ _ _ _ _ _ _ _ _ _ _ _ _ _ _ _ _ _ _ _

gains = array([5.  , 5.  , 2.  , 2.  , 1.  , 1.  , 0.01, 2.  ])

    @staticmethod
    def validate_gains(gains: List[float]) -&gt; None:
        """
        Validate that a suitable gain sequence has been provided.
    
        The adaptive sliding–mode controller uses exactly five gains
        (k1, k2, λ1, λ2, γ) for its sliding surface and adaptation law.
        Additional gains may be supplied for forward compatibility
        (they will be ignored), but fewer than five gains is considered
        an error.
    
        Raises
        ------
        ValueError
            If ``gains`` has fewer than five elements.
        """
        if not isinstance(gains, (list, tuple)) or len(gains) &lt; 5:
&gt;           raise ValueError(
                "AdaptiveSMC requires at least 5 gains: [k1, k2, lam1, lam2, gamma]"
            )
E           ValueError: AdaptiveSMC requires at least 5 gains: [k1, k2, lam1, lam2, gamma]

src\controllers\adaptive_smc.py:229: ValueError</failure></testcase><testcase classname="tests.test_benchmarks.test_performance" name="test_full_simulation_throughput[classical_smc]" time="0.002"><failure message="KeyError: 'classical_smc'">ctrl_name = 'classical_smc'
config = &lt;test_streamlit_app.install_fake_modules.&lt;locals&gt;.Cfg object at 0x000002907FAC6FD0&gt;
full_dynamics = &lt;test_streamlit_app.install_fake_modules.&lt;locals&gt;.DIP object at 0x000002907FAC7890&gt;
benchmark = &lt;pytest_benchmark.fixture.BenchmarkFixture object at 0x000002907F5D68B0&gt;

    @pytest.mark.benchmark(group="simulation.throughput")
    @pytest.mark.parametrize("ctrl_name", CTRL_NAMES)
    def test_full_simulation_throughput(ctrl_name, config, full_dynamics, benchmark):
        """
        Time the end-to-end batch simulation for each controller over 1s of sim time
        with 50 particles. Uses the Numba batch kernel if available.
        """
        # Simulation shape
        B = 50
        dt = float(config.simulation.dt)
        duration = 1.0
        N = int(np.ceil(duration / dt))
    
        # Gains per particle
        g = _default_gains_for(ctrl_name, config)
        gains_b = np.tile(g, (B, 1))
    
        # Initial states per particle (slight randomization for realism)
        rng = np.random.default_rng(0)
        x0 = np.zeros((B, 6), dtype=float)
        x0[:, 1] = rng.normal(0.05, 0.01, size=B)  # theta1
        x0[:, 2] = rng.normal(-0.04, 0.01, size=B) # theta2
    
        # Controller mode for the numba kernel
        mode = _controller_mode(ctrl_name)
    
        # Choose the callable to benchmark
        if _simulate_fallback is not None:
            # Internal kernel signature: (gains_b, x0_b, N, dt, params, u_max, controller_mode)
            params = full_dynamics.params  # FullDIPParams instance
            try:
                u_max = getattr(config.controllers[ctrl_name], "max_force", None)
            except Exception:
                u_max = None
            if u_max is None:
                u_max = 150.0
    
            def _call():
                return _simulate_fallback(gains_b, x0, N, dt, params, float(u_max), int(mode))
            result = benchmark(_call)
            # Ensure arrays returned (x, u, sigma, ctrl_states)
            assert isinstance(result, tuple) and len(result) == 4
        else:
            # Public API path: use the high‑level batch simulator
            # Construct a controller factory for this controller
            def controller_factory(particle_gains):
                return create_controller(ctrl_name, config=config, gains=particle_gains)
    
            def _call():
                return _simulate_batch(
                    controller_factory=controller_factory,
                    particles=gains_b,
                    initial_state=x0,
                    sim_time=duration,
                    dt=dt,
                    u_max=float(getattr(config.controllers[ctrl_name], "max_force", 150.0)),
                )
&gt;           result = benchmark(_call)
                     ^^^^^^^^^^^^^^^^

tests\test_benchmarks\test_performance.py:163: 
_ _ _ _ _ _ _ _ _ _ _ _ _ _ _ _ _ _ _ _ _ _ _ _ _ _ _ _ _ _ _ _ _ _ _ _ _ _ _ _
C:\Users\sadeg\AppData\Local\Programs\Python\Python313\Lib\site-packages\pytest_benchmark\fixture.py:156: in __call__
    return self._raw(function_to_benchmark, *args, **kwargs)
           ^^^^^^^^^^^^^^^^^^^^^^^^^^^^^^^^^^^^^^^^^^^^^^^^^
C:\Users\sadeg\AppData\Local\Programs\Python\Python313\Lib\site-packages\pytest_benchmark\fixture.py:180: in _raw
    duration, iterations, loops_range = self._calibrate_timer(runner)
                                        ^^^^^^^^^^^^^^^^^^^^^^^^^^^^^
C:\Users\sadeg\AppData\Local\Programs\Python\Python313\Lib\site-packages\pytest_benchmark\fixture.py:318: in _calibrate_timer
    duration = runner(loops_range)
               ^^^^^^^^^^^^^^^^^^^
C:\Users\sadeg\AppData\Local\Programs\Python\Python313\Lib\site-packages\pytest_benchmark\fixture.py:109: in runner
    function_to_benchmark(*args, **kwargs)
_ _ _ _ _ _ _ _ _ _ _ _ _ _ _ _ _ _ _ _ _ _ _ _ _ _ _ _ _ _ _ _ _ _ _ _ _ _ _ _

    def _call():
        return _simulate_batch(
            controller_factory=controller_factory,
            particles=gains_b,
            initial_state=x0,
            sim_time=duration,
            dt=dt,
&gt;           u_max=float(getattr(config.controllers[ctrl_name], "max_force", 150.0)),
                                ^^^^^^^^^^^^^^^^^^^^^^^^^^^^^
        )
E       KeyError: 'classical_smc'

tests\test_benchmarks\test_performance.py:161: KeyError</failure></testcase><testcase classname="tests.test_benchmarks.test_performance" name="test_full_simulation_throughput[sta_smc]" time="0.002"><failure message="KeyError: 'sta_smc'">ctrl_name = 'sta_smc'
config = &lt;test_streamlit_app.install_fake_modules.&lt;locals&gt;.Cfg object at 0x000002907FAC6FD0&gt;
full_dynamics = &lt;test_streamlit_app.install_fake_modules.&lt;locals&gt;.DIP object at 0x000002907FAC7890&gt;
benchmark = &lt;pytest_benchmark.fixture.BenchmarkFixture object at 0x000002907F5D76F0&gt;

    @pytest.mark.benchmark(group="simulation.throughput")
    @pytest.mark.parametrize("ctrl_name", CTRL_NAMES)
    def test_full_simulation_throughput(ctrl_name, config, full_dynamics, benchmark):
        """
        Time the end-to-end batch simulation for each controller over 1s of sim time
        with 50 particles. Uses the Numba batch kernel if available.
        """
        # Simulation shape
        B = 50
        dt = float(config.simulation.dt)
        duration = 1.0
        N = int(np.ceil(duration / dt))
    
        # Gains per particle
        g = _default_gains_for(ctrl_name, config)
        gains_b = np.tile(g, (B, 1))
    
        # Initial states per particle (slight randomization for realism)
        rng = np.random.default_rng(0)
        x0 = np.zeros((B, 6), dtype=float)
        x0[:, 1] = rng.normal(0.05, 0.01, size=B)  # theta1
        x0[:, 2] = rng.normal(-0.04, 0.01, size=B) # theta2
    
        # Controller mode for the numba kernel
        mode = _controller_mode(ctrl_name)
    
        # Choose the callable to benchmark
        if _simulate_fallback is not None:
            # Internal kernel signature: (gains_b, x0_b, N, dt, params, u_max, controller_mode)
            params = full_dynamics.params  # FullDIPParams instance
            try:
                u_max = getattr(config.controllers[ctrl_name], "max_force", None)
            except Exception:
                u_max = None
            if u_max is None:
                u_max = 150.0
    
            def _call():
                return _simulate_fallback(gains_b, x0, N, dt, params, float(u_max), int(mode))
            result = benchmark(_call)
            # Ensure arrays returned (x, u, sigma, ctrl_states)
            assert isinstance(result, tuple) and len(result) == 4
        else:
            # Public API path: use the high‑level batch simulator
            # Construct a controller factory for this controller
            def controller_factory(particle_gains):
                return create_controller(ctrl_name, config=config, gains=particle_gains)
    
            def _call():
                return _simulate_batch(
                    controller_factory=controller_factory,
                    particles=gains_b,
                    initial_state=x0,
                    sim_time=duration,
                    dt=dt,
                    u_max=float(getattr(config.controllers[ctrl_name], "max_force", 150.0)),
                )
&gt;           result = benchmark(_call)
                     ^^^^^^^^^^^^^^^^

tests\test_benchmarks\test_performance.py:163: 
_ _ _ _ _ _ _ _ _ _ _ _ _ _ _ _ _ _ _ _ _ _ _ _ _ _ _ _ _ _ _ _ _ _ _ _ _ _ _ _
C:\Users\sadeg\AppData\Local\Programs\Python\Python313\Lib\site-packages\pytest_benchmark\fixture.py:156: in __call__
    return self._raw(function_to_benchmark, *args, **kwargs)
           ^^^^^^^^^^^^^^^^^^^^^^^^^^^^^^^^^^^^^^^^^^^^^^^^^
C:\Users\sadeg\AppData\Local\Programs\Python\Python313\Lib\site-packages\pytest_benchmark\fixture.py:180: in _raw
    duration, iterations, loops_range = self._calibrate_timer(runner)
                                        ^^^^^^^^^^^^^^^^^^^^^^^^^^^^^
C:\Users\sadeg\AppData\Local\Programs\Python\Python313\Lib\site-packages\pytest_benchmark\fixture.py:318: in _calibrate_timer
    duration = runner(loops_range)
               ^^^^^^^^^^^^^^^^^^^
C:\Users\sadeg\AppData\Local\Programs\Python\Python313\Lib\site-packages\pytest_benchmark\fixture.py:109: in runner
    function_to_benchmark(*args, **kwargs)
_ _ _ _ _ _ _ _ _ _ _ _ _ _ _ _ _ _ _ _ _ _ _ _ _ _ _ _ _ _ _ _ _ _ _ _ _ _ _ _

    def _call():
        return _simulate_batch(
            controller_factory=controller_factory,
            particles=gains_b,
            initial_state=x0,
            sim_time=duration,
            dt=dt,
&gt;           u_max=float(getattr(config.controllers[ctrl_name], "max_force", 150.0)),
                                ^^^^^^^^^^^^^^^^^^^^^^^^^^^^^
        )
E       KeyError: 'sta_smc'

tests\test_benchmarks\test_performance.py:161: KeyError</failure></testcase><testcase classname="tests.test_benchmarks.test_performance" name="test_full_simulation_throughput[adaptive_smc]" time="0.001"><failure message="KeyError: 'adaptive_smc'">ctrl_name = 'adaptive_smc'
config = &lt;test_streamlit_app.install_fake_modules.&lt;locals&gt;.Cfg object at 0x000002907FAC6FD0&gt;
full_dynamics = &lt;test_streamlit_app.install_fake_modules.&lt;locals&gt;.DIP object at 0x000002907FAC7890&gt;
benchmark = &lt;pytest_benchmark.fixture.BenchmarkFixture object at 0x000002907F5D7BB0&gt;

    @pytest.mark.benchmark(group="simulation.throughput")
    @pytest.mark.parametrize("ctrl_name", CTRL_NAMES)
    def test_full_simulation_throughput(ctrl_name, config, full_dynamics, benchmark):
        """
        Time the end-to-end batch simulation for each controller over 1s of sim time
        with 50 particles. Uses the Numba batch kernel if available.
        """
        # Simulation shape
        B = 50
        dt = float(config.simulation.dt)
        duration = 1.0
        N = int(np.ceil(duration / dt))
    
        # Gains per particle
        g = _default_gains_for(ctrl_name, config)
        gains_b = np.tile(g, (B, 1))
    
        # Initial states per particle (slight randomization for realism)
        rng = np.random.default_rng(0)
        x0 = np.zeros((B, 6), dtype=float)
        x0[:, 1] = rng.normal(0.05, 0.01, size=B)  # theta1
        x0[:, 2] = rng.normal(-0.04, 0.01, size=B) # theta2
    
        # Controller mode for the numba kernel
        mode = _controller_mode(ctrl_name)
    
        # Choose the callable to benchmark
        if _simulate_fallback is not None:
            # Internal kernel signature: (gains_b, x0_b, N, dt, params, u_max, controller_mode)
            params = full_dynamics.params  # FullDIPParams instance
            try:
                u_max = getattr(config.controllers[ctrl_name], "max_force", None)
            except Exception:
                u_max = None
            if u_max is None:
                u_max = 150.0
    
            def _call():
                return _simulate_fallback(gains_b, x0, N, dt, params, float(u_max), int(mode))
            result = benchmark(_call)
            # Ensure arrays returned (x, u, sigma, ctrl_states)
            assert isinstance(result, tuple) and len(result) == 4
        else:
            # Public API path: use the high‑level batch simulator
            # Construct a controller factory for this controller
            def controller_factory(particle_gains):
                return create_controller(ctrl_name, config=config, gains=particle_gains)
    
            def _call():
                return _simulate_batch(
                    controller_factory=controller_factory,
                    particles=gains_b,
                    initial_state=x0,
                    sim_time=duration,
                    dt=dt,
                    u_max=float(getattr(config.controllers[ctrl_name], "max_force", 150.0)),
                )
&gt;           result = benchmark(_call)
                     ^^^^^^^^^^^^^^^^

tests\test_benchmarks\test_performance.py:163: 
_ _ _ _ _ _ _ _ _ _ _ _ _ _ _ _ _ _ _ _ _ _ _ _ _ _ _ _ _ _ _ _ _ _ _ _ _ _ _ _
C:\Users\sadeg\AppData\Local\Programs\Python\Python313\Lib\site-packages\pytest_benchmark\fixture.py:156: in __call__
    return self._raw(function_to_benchmark, *args, **kwargs)
           ^^^^^^^^^^^^^^^^^^^^^^^^^^^^^^^^^^^^^^^^^^^^^^^^^
C:\Users\sadeg\AppData\Local\Programs\Python\Python313\Lib\site-packages\pytest_benchmark\fixture.py:180: in _raw
    duration, iterations, loops_range = self._calibrate_timer(runner)
                                        ^^^^^^^^^^^^^^^^^^^^^^^^^^^^^
C:\Users\sadeg\AppData\Local\Programs\Python\Python313\Lib\site-packages\pytest_benchmark\fixture.py:318: in _calibrate_timer
    duration = runner(loops_range)
               ^^^^^^^^^^^^^^^^^^^
C:\Users\sadeg\AppData\Local\Programs\Python\Python313\Lib\site-packages\pytest_benchmark\fixture.py:109: in runner
    function_to_benchmark(*args, **kwargs)
_ _ _ _ _ _ _ _ _ _ _ _ _ _ _ _ _ _ _ _ _ _ _ _ _ _ _ _ _ _ _ _ _ _ _ _ _ _ _ _

    def _call():
        return _simulate_batch(
            controller_factory=controller_factory,
            particles=gains_b,
            initial_state=x0,
            sim_time=duration,
            dt=dt,
&gt;           u_max=float(getattr(config.controllers[ctrl_name], "max_force", 150.0)),
                                ^^^^^^^^^^^^^^^^^^^^^^^^^^^^^
        )
E       KeyError: 'adaptive_smc'

tests\test_benchmarks\test_performance.py:161: KeyError</failure></testcase><testcase classname="tests.test_benchmarks.test_performance" name="test_classical_smc_convergence" time="0.004"><failure message="RuntimeWarning: Mean of empty slice.">benchmark = &lt;pytest_benchmark.fixture.BenchmarkFixture object at 0x000002907F5D7950&gt;
physics_cfg = &lt;test_streamlit_app.install_fake_modules.&lt;locals&gt;.Cfg.Physics object at 0x000002907F505160&gt;

    @pytest.mark.benchmark(group="controller_convergence")
    def test_classical_smc_convergence(benchmark, physics_cfg):
&gt;       result = benchmark.pedantic(
            _batch_convergence_time,
            kwargs=dict(
                controller_cls=ClassicalSMC,
                physics_params=physics_cfg,
                gains=[10.0, 8.0, 5.0, 4.0, 50.0, 1.0],
            ),
            iterations=5,
            rounds=3,
        )

tests\test_benchmarks\test_performance.py:266: 
_ _ _ _ _ _ _ _ _ _ _ _ _ _ _ _ _ _ _ _ _ _ _ _ _ _ _ _ _ _ _ _ _ _ _ _ _ _ _ _
C:\Users\sadeg\AppData\Local\Programs\Python\Python313\Lib\site-packages\pytest_benchmark\fixture.py:167: in pedantic
    return self._raw_pedantic(
C:\Users\sadeg\AppData\Local\Programs\Python\Python313\Lib\site-packages\pytest_benchmark\fixture.py:256: in _raw_pedantic
    duration = runner(loops_range)
               ^^^^^^^^^^^^^^^^^^^
C:\Users\sadeg\AppData\Local\Programs\Python\Python313\Lib\site-packages\pytest_benchmark\fixture.py:109: in runner
    function_to_benchmark(*args, **kwargs)
tests\test_benchmarks\test_performance.py:258: in _batch_convergence_time
    rms_per_batch = np.sqrt(np.mean(controls_b**2, axis=1))
                            ^^^^^^^^^^^^^^^^^^^^^^^^^^^^^^
C:\Users\sadeg\AppData\Local\Programs\Python\Python313\Lib\site-packages\numpy\_core\fromnumeric.py:3860: in mean
    return _methods._mean(a, axis=axis, dtype=dtype,
_ _ _ _ _ _ _ _ _ _ _ _ _ _ _ _ _ _ _ _ _ _ _ _ _ _ _ _ _ _ _ _ _ _ _ _ _ _ _ _

a = array([], shape=(50, 0), dtype=float64), axis = 1, dtype = None, out = None
keepdims = False

    def _mean(a, axis=None, dtype=None, out=None, keepdims=False, *, where=True):
        arr = asanyarray(a)
    
        is_float16_result = False
    
        rcount = _count_reduce_items(arr, axis, keepdims=keepdims, where=where)
        if rcount == 0 if where is True else umr_any(rcount == 0, axis=None):
&gt;           warnings.warn("Mean of empty slice.", RuntimeWarning, stacklevel=2)
E           RuntimeWarning: Mean of empty slice.

C:\Users\sadeg\AppData\Local\Programs\Python\Python313\Lib\site-packages\numpy\_core\_methods.py:124: RuntimeWarning</failure></testcase><testcase classname="tests.test_benchmarks.test_performance" name="test_sta_smc_convergence[False]" time="0.003"><failure message="RuntimeWarning: Mean of empty slice.">benchmark = &lt;pytest_benchmark.fixture.BenchmarkFixture object at 0x000002907F5D7BB0&gt;
physics_cfg = &lt;test_streamlit_app.install_fake_modules.&lt;locals&gt;.Cfg.Physics object at 0x000002907F505160&gt;
use_ueq = False

    @pytest.mark.parametrize("use_ueq", [False, True])
    #@pytest.mark.usefixtures("long_simulation_config")
    @pytest.mark.benchmark(group="controller_convergence")
    def test_sta_smc_convergence(benchmark, physics_cfg, use_ueq):
        """
        Super-Twisting SMC should converge quickly without large σ overshoot
        with corrected sign conventions and validated gains.
        """
&gt;       result = benchmark.pedantic(
            _batch_convergence_time,
            kwargs=dict(
                controller_cls=SuperTwistingSMC,
                physics_params=physics_cfg,
                # These are the validated gains for the corrected controller
                gains=[1.18495, 47.7040, 1.0807, 7.4019, 46.9200, 0.6699],
                # Ensure fast convergence from a consistent, perturbed start
                initial_state=np.array([0.0, 0.1, 0.1, 0.0, 0.0, 0.0]),
                use_ueq=use_ueq,
            ),
            iterations=5,
            rounds=3,
        )

tests\test_benchmarks\test_performance.py:287: 
_ _ _ _ _ _ _ _ _ _ _ _ _ _ _ _ _ _ _ _ _ _ _ _ _ _ _ _ _ _ _ _ _ _ _ _ _ _ _ _
C:\Users\sadeg\AppData\Local\Programs\Python\Python313\Lib\site-packages\pytest_benchmark\fixture.py:167: in pedantic
    return self._raw_pedantic(
C:\Users\sadeg\AppData\Local\Programs\Python\Python313\Lib\site-packages\pytest_benchmark\fixture.py:256: in _raw_pedantic
    duration = runner(loops_range)
               ^^^^^^^^^^^^^^^^^^^
C:\Users\sadeg\AppData\Local\Programs\Python\Python313\Lib\site-packages\pytest_benchmark\fixture.py:109: in runner
    function_to_benchmark(*args, **kwargs)
tests\test_benchmarks\test_performance.py:258: in _batch_convergence_time
    rms_per_batch = np.sqrt(np.mean(controls_b**2, axis=1))
                            ^^^^^^^^^^^^^^^^^^^^^^^^^^^^^^
C:\Users\sadeg\AppData\Local\Programs\Python\Python313\Lib\site-packages\numpy\_core\fromnumeric.py:3860: in mean
    return _methods._mean(a, axis=axis, dtype=dtype,
_ _ _ _ _ _ _ _ _ _ _ _ _ _ _ _ _ _ _ _ _ _ _ _ _ _ _ _ _ _ _ _ _ _ _ _ _ _ _ _

a = array([], shape=(50, 0), dtype=float64), axis = 1, dtype = None, out = None
keepdims = False

    def _mean(a, axis=None, dtype=None, out=None, keepdims=False, *, where=True):
        arr = asanyarray(a)
    
        is_float16_result = False
    
        rcount = _count_reduce_items(arr, axis, keepdims=keepdims, where=where)
        if rcount == 0 if where is True else umr_any(rcount == 0, axis=None):
&gt;           warnings.warn("Mean of empty slice.", RuntimeWarning, stacklevel=2)
E           RuntimeWarning: Mean of empty slice.

C:\Users\sadeg\AppData\Local\Programs\Python\Python313\Lib\site-packages\numpy\_core\_methods.py:124: RuntimeWarning</failure></testcase><testcase classname="tests.test_benchmarks.test_performance" name="test_sta_smc_convergence[True]" time="0.002"><failure message="pydantic_core._pydantic_core.ValidationError: 13 validation errors for PhysicsConfig&#10;cart_mass&#10;  Field required [type=missing, input_value={}, input_type=dict]&#10;    For further information visit https://errors.pydantic.dev/2.11/v/missing&#10;pendulum1_mass&#10;  Field required [type=missing, input_value={}, input_type=dict]&#10;    For further information visit https://errors.pydantic.dev/2.11/v/missing&#10;pendulum2_mass&#10;  Field required [type=missing, input_value={}, input_type=dict]&#10;    For further information visit https://errors.pydantic.dev/2.11/v/missing&#10;pendulum1_length&#10;  Field required [type=missing, input_value={}, input_type=dict]&#10;    For further information visit https://errors.pydantic.dev/2.11/v/missing&#10;pendulum2_length&#10;  Field required [type=missing, input_value={}, input_type=dict]&#10;    For further information visit https://errors.pydantic.dev/2.11/v/missing&#10;pendulum1_com&#10;  Field required [type=missing, input_value={}, input_type=dict]&#10;    For further information visit https://errors.pydantic.dev/2.11/v/missing&#10;pendulum2_com&#10;  Field required [type=missing, input_value={}, input_type=dict]&#10;    For further information visit https://errors.pydantic.dev/2.11/v/missing&#10;pendulum1_inertia&#10;  Field required [type=missing, input_value={}, input_type=dict]&#10;    For further information visit https://errors.pydantic.dev/2.11/v/missing&#10;pendulum2_inertia&#10;  Field required [type=missing, input_value={}, input_type=dict]&#10;    For further information visit https://errors.pydantic.dev/2.11/v/missing&#10;gravity&#10;  Field required [type=missing, input_value={}, input_type=dict]&#10;    For further information visit https://errors.pydantic.dev/2.11/v/missing&#10;cart_friction&#10;  Field required [type=missing, input_value={}, input_type=dict]&#10;    For further information visit https://errors.pydantic.dev/2.11/v/missing&#10;joint1_friction&#10;  Field required [type=missing, input_value={}, input_type=dict]&#10;    For further information visit https://errors.pydantic.dev/2.11/v/missing&#10;joint2_friction&#10;  Field required [type=missing, input_value={}, input_type=dict]&#10;    For further information visit https://errors.pydantic.dev/2.11/v/missing">benchmark = &lt;pytest_benchmark.fixture.BenchmarkFixture object at 0x000002900E3BC8A0&gt;
physics_cfg = &lt;test_streamlit_app.install_fake_modules.&lt;locals&gt;.Cfg.Physics object at 0x000002907F505160&gt;
use_ueq = True

    @pytest.mark.parametrize("use_ueq", [False, True])
    #@pytest.mark.usefixtures("long_simulation_config")
    @pytest.mark.benchmark(group="controller_convergence")
    def test_sta_smc_convergence(benchmark, physics_cfg, use_ueq):
        """
        Super-Twisting SMC should converge quickly without large σ overshoot
        with corrected sign conventions and validated gains.
        """
&gt;       result = benchmark.pedantic(
            _batch_convergence_time,
            kwargs=dict(
                controller_cls=SuperTwistingSMC,
                physics_params=physics_cfg,
                # These are the validated gains for the corrected controller
                gains=[1.18495, 47.7040, 1.0807, 7.4019, 46.9200, 0.6699],
                # Ensure fast convergence from a consistent, perturbed start
                initial_state=np.array([0.0, 0.1, 0.1, 0.0, 0.0, 0.0]),
                use_ueq=use_ueq,
            ),
            iterations=5,
            rounds=3,
        )

tests\test_benchmarks\test_performance.py:287: 
_ _ _ _ _ _ _ _ _ _ _ _ _ _ _ _ _ _ _ _ _ _ _ _ _ _ _ _ _ _ _ _ _ _ _ _ _ _ _ _
C:\Users\sadeg\AppData\Local\Programs\Python\Python313\Lib\site-packages\pytest_benchmark\fixture.py:167: in pedantic
    return self._raw_pedantic(
C:\Users\sadeg\AppData\Local\Programs\Python\Python313\Lib\site-packages\pytest_benchmark\fixture.py:256: in _raw_pedantic
    duration = runner(loops_range)
               ^^^^^^^^^^^^^^^^^^^
C:\Users\sadeg\AppData\Local\Programs\Python\Python313\Lib\site-packages\pytest_benchmark\fixture.py:109: in runner
    function_to_benchmark(*args, **kwargs)
tests\test_benchmarks\test_performance.py:231: in _batch_convergence_time
    t, states_b, controls_b, sigma_b = simulate_system_batch(
src\core\vector_sim.py:326: in simulate_system_batch
    ctrl = controller_factory(part_arr[j])
           ^^^^^^^^^^^^^^^^^^^^^^^^^^^^^^^
tests\test_benchmarks\test_performance.py:193: in controller_factory
    kwargs_controller['dynamics_model'] = DoubleInvertedPendulum(physics_params)
                                          ^^^^^^^^^^^^^^^^^^^^^^^^^^^^^^^^^^^^^^
_ _ _ _ _ _ _ _ _ _ _ _ _ _ _ _ _ _ _ _ _ _ _ _ _ _ _ _ _ _ _ _ _ _ _ _ _ _ _ _

self = &lt;src.core.dynamics.DoubleInvertedPendulum object at 0x000002907FAC6990&gt;
params = &lt;test_streamlit_app.install_fake_modules.&lt;locals&gt;.Cfg.Physics object at 0x000002907F505160&gt;

    def __init__(self, params: Any):
        """
        Initialize the simplified double inverted pendulum dynamics model.
    
        Parameters
        ----------
        params : Any
            A physics configuration specifying the system constants.  This
            must either be an instance of :class:`src.config.PhysicsConfig`
            or a mapping with the same keys.  Passing a mapping will
            attempt to construct a :class:`PhysicsConfig` to ensure the
            values are validated.  Any failure to import or construct
            the configuration will propagate an exception.
        """
        # PhysicsConfig is imported at the module level.  Avoid re‑importing
        # it here to prevent circular import issues when running tests
        # under alternative import paths.  The top‑level import ensures
        # PhysicsConfig is available.
    
        if params is None:
            raise ValueError("Physics parameters must not be None")
    
        # Determine whether the input is already a validated PhysicsConfig.
        if isinstance(params, PhysicsConfig):
            phys_cfg = params
        else:
            # Extract a plain dictionary from the input.  Accept Pydantic‑like
            # objects that implement model_dump(), plain dicts, or objects
            # that can be converted via dict().  Raise if conversion is
            # impossible so that invalid inputs are not silently accepted.
            if hasattr(params, "model_dump"):
                param_dict = params.model_dump()
            elif isinstance(params, dict):
                param_dict = params
            else:
                try:
                    param_dict = dict(params)
                except Exception:
                    raise TypeError(
                        "Physics parameters must be a PhysicsConfig or dict‑like mapping"
                    )
            # Construct a PhysicsConfig from the dictionary.  This will
            # perform full Pydantic validation and raise on invalid or
            # missing fields.
&gt;           phys_cfg = PhysicsConfig(**param_dict)  # type: ignore[arg-type]
                       ^^^^^^^^^^^^^^^^^^^^^^^^^^^
E           pydantic_core._pydantic_core.ValidationError: 13 validation errors for PhysicsConfig
E           cart_mass
E             Field required [type=missing, input_value={}, input_type=dict]
E               For further information visit https://errors.pydantic.dev/2.11/v/missing
E           pendulum1_mass
E             Field required [type=missing, input_value={}, input_type=dict]
E               For further information visit https://errors.pydantic.dev/2.11/v/missing
E           pendulum2_mass
E             Field required [type=missing, input_value={}, input_type=dict]
E               For further information visit https://errors.pydantic.dev/2.11/v/missing
E           pendulum1_length
E             Field required [type=missing, input_value={}, input_type=dict]
E               For further information visit https://errors.pydantic.dev/2.11/v/missing
E           pendulum2_length
E             Field required [type=missing, input_value={}, input_type=dict]
E               For further information visit https://errors.pydantic.dev/2.11/v/missing
E           pendulum1_com
E             Field required [type=missing, input_value={}, input_type=dict]
E               For further information visit https://errors.pydantic.dev/2.11/v/missing
E           pendulum2_com
E             Field required [type=missing, input_value={}, input_type=dict]
E               For further information visit https://errors.pydantic.dev/2.11/v/missing
E           pendulum1_inertia
E             Field required [type=missing, input_value={}, input_type=dict]
E               For further information visit https://errors.pydantic.dev/2.11/v/missing
E           pendulum2_inertia
E             Field required [type=missing, input_value={}, input_type=dict]
E               For further information visit https://errors.pydantic.dev/2.11/v/missing
E           gravity
E             Field required [type=missing, input_value={}, input_type=dict]
E               For further information visit https://errors.pydantic.dev/2.11/v/missing
E           cart_friction
E             Field required [type=missing, input_value={}, input_type=dict]
E               For further information visit https://errors.pydantic.dev/2.11/v/missing
E           joint1_friction
E             Field required [type=missing, input_value={}, input_type=dict]
E               For further information visit https://errors.pydantic.dev/2.11/v/missing
E           joint2_friction
E             Field required [type=missing, input_value={}, input_type=dict]
E               For further information visit https://errors.pydantic.dev/2.11/v/missing

src\core\dynamics.py:449: ValidationError</failure></testcase><testcase classname="tests.test_benchmarks.test_statistical_benchmarks" name="test_statistical_harness_sample_size_and_ci" time="0.002"><failure message="TypeError: simulate_system_batch() takes 0 positional arguments but 2 positional arguments (and 3 keyword-only arguments) were given">controller_factory = &lt;function controller_factory at 0x000002907EF863E0&gt;
cfg = ConfigSchema(global_seed=1, controller_defaults=ControllersConfig(classical_smc=None, sta_smc=None, adaptive_smc=None,...lant_port=9000, controller_ip='127.0.0.1', controller_port=9001, extra_latency_ms=0.0, sensor_noise_std=0.0), fdi=None)
n_trials = 30, seed = 42, randomise_physics = False, noise_std = 0.0

    def run_trials(
        controller_factory: Callable[[np.ndarray], Any],
        cfg: Any,
        n_trials: int = 30,
        seed: int = 1234,
        randomise_physics: bool = False,
        noise_std: float = 0.0,
    ) -&gt; Tuple[List[Dict[str, float]], Dict[str, Tuple[float, float]]]:
        """Run multiple simulations and return per‑trial metrics with confidence intervals.
    
        The function executes ``n_trials`` independent simulations of the
        double inverted pendulum under the supplied controller factory and
        configuration.  For each trial it collects performance metrics and
        computes a 95 % confidence interval for the mean of each metric.  A
        sample size of at least 25–30 trials is recommended to invoke the
        Central Limit Theorem for skewed distributions【559538113951338†L77-L84】.
    
        Parameters
        ----------
        controller_factory : Callable[[np.ndarray], Any]
            Factory function that returns a controller instance when provided
            with a gain vector.  The returned controller must define an
            ``n_gains`` attribute and may define ``max_force``.
        cfg : Any
            Full configuration object (e.g., ``ConfigSchema``) supplying
            physics and simulation parameters.  Only ``simulation.duration``
            and ``simulation.dt`` are required by this harness.
        n_trials : int, optional
            Number of independent trials to run.  Defaults to 30.
        seed : int, optional
            Base random seed used to initialise each trial.  Individual trials
            draw their seeds from a NumPy generator seeded with this value.
        randomise_physics : bool, optional
            When True, randomly perturb the physical parameters between trials.
            Not implemented in this harness; reserved for future use.
        noise_std : float, optional
            Standard deviation of additive Gaussian noise applied to the state
            trajectories before metric computation.
    
        Returns
        -------
        list of dict, dict
            A list containing the raw metrics for each trial and a dictionary
            mapping metric names to tuples ``(mean, ci)`` where ``ci`` is
            half the width of the 95 % confidence interval.
        """
        rng = np.random.default_rng(int(seed))
        metrics_list: List[Dict[str, float]] = []
        # Determine maximum allowed control force from a reference controller
        ref_ctrl = controller_factory(np.zeros(controller_factory.n_gains))
        max_force = getattr(ref_ctrl, "max_force", 150.0)
        for _ in range(int(n_trials)):
            trial_seed = int(rng.integers(0, 2**32 - 1))
            # Execute vectorised batch simulation for a single controller
            try:
&gt;               t, x_b, u_b, sigma_b = simulate_system_batch(
                    controller_factory,
                    np.array([np.zeros(controller_factory.n_gains)], dtype=float),
                    sim_time=cfg.simulation.duration,
                    dt=cfg.simulation.dt,
                    u_max=max_force,
                    seed=trial_seed,
                )
E               TypeError: simulate_system_batch() takes 0 positional arguments but 2 positional arguments (and 4 keyword-only arguments) were given

src\benchmarks\statistical_benchmarks.py:156: TypeError

During handling of the above exception, another exception occurred:

    def test_statistical_harness_sample_size_and_ci() -&gt; None:
        """run_trials should return n_trials metrics and narrower CIs for larger n."""
        cfg = _make_cfg()
        with patch('src.core.vector_sim.simulate_system_batch', dummy_simulate_system_batch_stat):
            # 30 trials
&gt;           metrics30, ci30 = run_trials(
                controller_factory=controller_factory,
                cfg=cfg,
                n_trials=30,
                seed=42,
                randomise_physics=False,
                noise_std=0.0,
            )

tests\test_benchmarks\test_statistical_benchmarks.py:168: 
_ _ _ _ _ _ _ _ _ _ _ _ _ _ _ _ _ _ _ _ _ _ _ _ _ _ _ _ _ _ _ _ _ _ _ _ _ _ _ _

controller_factory = &lt;function controller_factory at 0x000002907EF863E0&gt;
cfg = ConfigSchema(global_seed=1, controller_defaults=ControllersConfig(classical_smc=None, sta_smc=None, adaptive_smc=None,...lant_port=9000, controller_ip='127.0.0.1', controller_port=9001, extra_latency_ms=0.0, sensor_noise_std=0.0), fdi=None)
n_trials = 30, seed = 42, randomise_physics = False, noise_std = 0.0

    def run_trials(
        controller_factory: Callable[[np.ndarray], Any],
        cfg: Any,
        n_trials: int = 30,
        seed: int = 1234,
        randomise_physics: bool = False,
        noise_std: float = 0.0,
    ) -&gt; Tuple[List[Dict[str, float]], Dict[str, Tuple[float, float]]]:
        """Run multiple simulations and return per‑trial metrics with confidence intervals.
    
        The function executes ``n_trials`` independent simulations of the
        double inverted pendulum under the supplied controller factory and
        configuration.  For each trial it collects performance metrics and
        computes a 95 % confidence interval for the mean of each metric.  A
        sample size of at least 25–30 trials is recommended to invoke the
        Central Limit Theorem for skewed distributions【559538113951338†L77-L84】.
    
        Parameters
        ----------
        controller_factory : Callable[[np.ndarray], Any]
            Factory function that returns a controller instance when provided
            with a gain vector.  The returned controller must define an
            ``n_gains`` attribute and may define ``max_force``.
        cfg : Any
            Full configuration object (e.g., ``ConfigSchema``) supplying
            physics and simulation parameters.  Only ``simulation.duration``
            and ``simulation.dt`` are required by this harness.
        n_trials : int, optional
            Number of independent trials to run.  Defaults to 30.
        seed : int, optional
            Base random seed used to initialise each trial.  Individual trials
            draw their seeds from a NumPy generator seeded with this value.
        randomise_physics : bool, optional
            When True, randomly perturb the physical parameters between trials.
            Not implemented in this harness; reserved for future use.
        noise_std : float, optional
            Standard deviation of additive Gaussian noise applied to the state
            trajectories before metric computation.
    
        Returns
        -------
        list of dict, dict
            A list containing the raw metrics for each trial and a dictionary
            mapping metric names to tuples ``(mean, ci)`` where ``ci`` is
            half the width of the 95 % confidence interval.
        """
        rng = np.random.default_rng(int(seed))
        metrics_list: List[Dict[str, float]] = []
        # Determine maximum allowed control force from a reference controller
        ref_ctrl = controller_factory(np.zeros(controller_factory.n_gains))
        max_force = getattr(ref_ctrl, "max_force", 150.0)
        for _ in range(int(n_trials)):
            trial_seed = int(rng.integers(0, 2**32 - 1))
            # Execute vectorised batch simulation for a single controller
            try:
                t, x_b, u_b, sigma_b = simulate_system_batch(
                    controller_factory,
                    np.array([np.zeros(controller_factory.n_gains)], dtype=float),
                    sim_time=cfg.simulation.duration,
                    dt=cfg.simulation.dt,
                    u_max=max_force,
                    seed=trial_seed,
                )
            except TypeError:
                # Fallback to signature without dt
&gt;               t, x_b, u_b, sigma_b = simulate_system_batch(
                    controller_factory,
                    np.array([np.zeros(controller_factory.n_gains)], dtype=float),
                    sim_time=cfg.simulation.duration,
                    u_max=max_force,
                    seed=trial_seed,
                )
E               TypeError: simulate_system_batch() takes 0 positional arguments but 2 positional arguments (and 3 keyword-only arguments) were given

src\benchmarks\statistical_benchmarks.py:166: TypeError</failure></testcase><testcase classname="tests.test_config.test_unknown_params_modes" name="test_strict_mode_rejects_unknown_keys" time="0.020" /><testcase classname="tests.test_config.test_unknown_params_modes" name="test_permissive_mode_collects_unknown_params" time="0.024" /><testcase classname="tests.test_controllers.test_adaptive_smc" name="test_adaptive_smc_gains_are_configurable" time="0.001"><error message="failed on setup with &quot;AttributeError: 'dict' object has no attribute 'adaptive_smc'&quot;">config = &lt;test_streamlit_app.install_fake_modules.&lt;locals&gt;.Cfg object at 0x000002907FAC6FD0&gt;

    @pytest.fixture
    def adaptive_controller(config):
        # Build via factory so we exercise the config-&gt;factory-&gt;controller path
&gt;       gains = config.controller_defaults.adaptive_smc.gains
                ^^^^^^^^^^^^^^^^^^^^^^^^^^^^^^^^^^^^^^^
E       AttributeError: 'dict' object has no attribute 'adaptive_smc'

tests\test_controllers\test_adaptive_smc.py:21: AttributeError</error></testcase><testcase classname="tests.test_controllers.test_adaptive_smc" name="test_adaptive_gain_increases_on_large_error" time="0.001"><error message="failed on setup with &quot;AttributeError: 'dict' object has no attribute 'adaptive_smc'&quot;">config = &lt;test_streamlit_app.install_fake_modules.&lt;locals&gt;.Cfg object at 0x000002907FAC6FD0&gt;

    @pytest.fixture
    def adaptive_controller(config):
        # Build via factory so we exercise the config-&gt;factory-&gt;controller path
&gt;       gains = config.controller_defaults.adaptive_smc.gains
                ^^^^^^^^^^^^^^^^^^^^^^^^^^^^^^^^^^^^^^^
E       AttributeError: 'dict' object has no attribute 'adaptive_smc'

tests\test_controllers\test_adaptive_smc.py:21: AttributeError</error></testcase><testcase classname="tests.test_controllers.test_adaptive_smc" name="test_gain_remains_bounded_under_chattering" time="0.001"><error message="failed on setup with &quot;AttributeError: 'dict' object has no attribute 'adaptive_smc'&quot;">config = &lt;test_streamlit_app.install_fake_modules.&lt;locals&gt;.Cfg object at 0x000002907FAC6FD0&gt;

    @pytest.fixture
    def adaptive_controller(config):
        # Build via factory so we exercise the config-&gt;factory-&gt;controller path
&gt;       gains = config.controller_defaults.adaptive_smc.gains
                ^^^^^^^^^^^^^^^^^^^^^^^^^^^^^^^^^^^^^^^
E       AttributeError: 'dict' object has no attribute 'adaptive_smc'

tests\test_controllers\test_adaptive_smc.py:21: AttributeError</error></testcase><testcase classname="tests.test_controllers.test_classical_smc" name="test_equivalent_control_returns_zero_without_dynamics" time="0.001" /><testcase classname="tests.test_controllers.test_classical_smc" name="test_equivalent_control_non_zero_with_custom_dynamics" time="0.001" /><testcase classname="tests.test_controllers.test_classical_smc" name="test_compute_control_is_saturated_and_returns_correct_types" time="0.001" /><testcase classname="tests.test_controllers.test_controller_basics" name="test_sta_smc_state_vars_signature" time="0.002"><failure message="RuntimeWarning: The 'linear' switching method implements a piecewise‑linear saturation, which approximates the sign function poorly near zero and can degrade chattering performance.  Consider using 'tanh' for smoother control.">def test_sta_smc_state_vars_signature() -&gt; None:
        """compute_control should return state_vars as a tuple of two floats."""
        # Provide six gains to fully specify the sliding surface
        gains = [1.0, 1.0, 1.0, 1.0, 1.0, 1.0]
        ctrl = SuperTwistingSMC(gains=gains, dt=0.01, max_force=10.0, boundary_layer=0.01)
        state = np.zeros(6, dtype=float)
        state_vars = ctrl.initialize_state()
        history = ctrl.initialize_history()
&gt;       u, next_state_vars, hist = ctrl.compute_control(state, state_vars, history)
                                   ^^^^^^^^^^^^^^^^^^^^^^^^^^^^^^^^^^^^^^^^^^^^^^^^

tests\test_controllers\test_controller_basics.py:36: 
_ _ _ _ _ _ _ _ _ _ _ _ _ _ _ _ _ _ _ _ _ _ _ _ _ _ _ _ _ _ _ _ _ _ _ _ _ _ _ _
src\controllers\sta_smc.py:373: in compute_control
    sgn_sigma = saturate(sigma, self.boundary_layer, method=self.switch_method)
                ^^^^^^^^^^^^^^^^^^^^^^^^^^^^^^^^^^^^^^^^^^^^^^^^^^^^^^^^^^^^^^^
_ _ _ _ _ _ _ _ _ _ _ _ _ _ _ _ _ _ _ _ _ _ _ _ _ _ _ _ _ _ _ _ _ _ _ _ _ _ _ _

sigma = np.float64(0.0), epsilon = 0.01, method = 'linear'

    def saturate(
        sigma: float | np.ndarray,
        epsilon: float,
        method: Literal["tanh", "linear"] = "tanh",
    ) -&gt; float | np.ndarray:
        """Continuous approximation of sign(sigma) within a boundary layer.
    
        Args:
            sigma: Sliding surface value(s).
            epsilon: Boundary-layer half-width in σ-space (must be &gt; 0).  # ε is the half-width in σ-space.
            method: "tanh" (default) uses tanh(sigma/epsilon);
                    "linear" uses clip(sigma/epsilon, -1, 1).
        Returns:
            Same shape as `sigma`.
    
        Notes
        -----
        The boundary layer width ``epsilon`` should be chosen based on the
        expected amplitude of measurement noise and the desired steady‑state
        accuracy.  A larger ``epsilon`` reduces chattering but introduces
        a finite steady‑state error; conversely, a smaller ``epsilon`` reduces
        error but may increase high‑frequency switching【538884328193976†L412-L423】.
    
        Raises:
            ValueError
                If ``epsilon &lt;= 0`` or an unknown ``method`` is provided.
        """
        if epsilon &lt;= 0:
            raise ValueError("boundary layer epsilon must be positive")
        s = np.asarray(sigma, dtype=float) / float(epsilon)
        if method == "tanh":
            return np.tanh(s)
        if method == "linear":
            # Warn users that the linear saturation approximates sign(sigma) poorly
            # near zero.  A piecewise‑linear approximation yields a sharp transition
            # at the boundary layer and can introduce larger steady‑state errors.
            # Sliding‑mode control theory recommends smooth approximations such
            # as tanh to mitigate chattering【676964782857750†L146-L149】.
            import warnings
&gt;           warnings.warn(
                "The 'linear' switching method implements a piecewise‑linear saturation, "
                "which approximates the sign function poorly near zero and can degrade "
                "chattering performance.  Consider using 'tanh' for smoother control.",
                RuntimeWarning,
            )
E           RuntimeWarning: The 'linear' switching method implements a piecewise‑linear saturation, which approximates the sign function poorly near zero and can degrade chattering performance.  Consider using 'tanh' for smoother control.

src\utils\control_primitives.py:145: RuntimeWarning</failure></testcase><testcase classname="tests.test_controllers.test_controller_basics" name="test_create_controller_types[classical_smc-ClassicalSMC-gains0]" time="0.002" /><testcase classname="tests.test_controllers.test_controller_basics" name="test_create_controller_types[sta_smc-SuperTwistingSMC-gains1]" time="0.002" /><testcase classname="tests.test_controllers.test_controller_basics" name="test_create_controller_types[adaptive_smc-AdaptiveSMC-gains2]" time="0.002" /><testcase classname="tests.test_controllers.test_controller_basics" name="test_create_controller_invalid_name" time="0.030" /><testcase classname="tests.test_controllers.test_factory_deprecations" name="test_deprecated_param_is_mapped_with_warning" time="0.001" /><testcase classname="tests.test_controllers.test_factory_deprecations" name="test_unknown_keys_strict_vs_permissive" time="0.002" /><testcase classname="tests.test_controllers.test_factory_dynamics_consolidated" name="test_factory_and_dynamics_core" time="0.002"><failure message="assert 'Available: alpha, beta, zeta' in &quot;Controller 'does_not_exist' is not a recognized type&quot;&#10; +  where &quot;Controller 'does_not_exist' is not a recognized type&quot; = str(ValueError(&quot;Controller 'does_not_exist' is not a recognized type&quot;))&#10; +    where ValueError(&quot;Controller 'does_not_exist' is not a recognized type&quot;) = &lt;ExceptionInfo ValueError(&quot;Controller 'does_not_exist' is not a recognized type&quot;) tblen=2&gt;.value">monkeypatch = &lt;_pytest.monkeypatch.MonkeyPatch object at 0x000002907F443530&gt;

    def test_factory_and_dynamics_core(monkeypatch):
        # a) unknown controller lists available (sorted)
        class Dyn:
            def __init__(self, physics): pass
        monkeypatch.setattr(factory, "DoubleInvertedPendulum", Dyn, raising=False)
        class CfgA:
            class Sim: use_full_dynamics = False; dt = 0.01
            simulation = Sim(); controllers = {"zeta": {}, "alpha": {}, "beta": {}}
            controller_defaults = {}
        with pytest.raises(ValueError) as e1:
            factory.create_controller("does_not_exist", config=CfgA(), gains=None)
&gt;       assert "Available: alpha, beta, zeta" in str(e1.value)
E       assert 'Available: alpha, beta, zeta' in "Controller 'does_not_exist' is not a recognized type"
E        +  where "Controller 'does_not_exist' is not a recognized type" = str(ValueError("Controller 'does_not_exist' is not a recognized type"))
E        +    where ValueError("Controller 'does_not_exist' is not a recognized type") = &lt;ExceptionInfo ValueError("Controller 'does_not_exist' is not a recognized type") tblen=2&gt;.value

tests\test_controllers\test_factory_dynamics_consolidated.py:16: AssertionError</failure></testcase><testcase classname="tests.test_controllers.test_factory_shared_params" name="test_dt_inherits_from_simulation_with_warning" time="0.002" /><testcase classname="tests.test_controllers.test_factory_shared_params" name="test_max_force_defaults_with_warning" time="0.002" /><testcase classname="tests.test_controllers.test_factory_shared_params" name="test_invalid_dt_raises[0.0]" time="0.001" /><testcase classname="tests.test_controllers.test_factory_shared_params" name="test_invalid_dt_raises[-0.001]" time="0.001" /><testcase classname="tests.test_controllers.test_factory_shared_params" name="test_invalid_max_force_raises[0.0]" time="0.002" /><testcase classname="tests.test_controllers.test_factory_shared_params" name="test_invalid_max_force_raises[-5.0]" time="0.001" /><testcase classname="tests.test_controllers.test_hybrid_adaptation_unit" name="test_adaptation_slows_as_s_decays" time="0.101" /><testcase classname="tests.test_controllers.test_hybrid_adaptation_unit" name="test_no_gain_growth_when_hard_saturated_and_near_zero" time="0.002" /><testcase classname="tests.test_controllers.test_hybrid_adaptation_unit" name="test_numerical_safety_prevents_inf_nan" time="0.001" /><testcase classname="tests.test_controllers.test_hybrid_adaptation_unit" name="test_taper_factor_computation" time="0.001" /><testcase classname="tests.test_controllers.test_hybrid_adaptation_unit" name="test_gain_leak_prevents_indefinite_growth" time="0.002" /><testcase classname="tests.test_controllers.test_hybrid_adaptive_sta_smc" name="test_stabilization_and_adaptation" time="0.002"><error message="failed on setup with &quot;src.controllers.factory.FactoryConfigurationError: Controller 'hybrid_adaptive_sta_smc' not found in config.controllers. Available: SMC&quot;">config = &lt;test_streamlit_app.install_fake_modules.&lt;locals&gt;.Cfg object at 0x000002907FAC6FD0&gt;

    @pytest.fixture
    def hybrid_controller(config) -&gt; Any:
        # Conservative, 1 kHz control, modest adaptation
        # Create controller configuration
        ctrl_cfg = {
            "gains": [5.0, 3.0, 5.0, 1.8],  # [c1, λ1, c2, λ2]
            "max_force": 150.0,
            "dt": 0.001,
            "k1_init": 6.0,
            "k2_init": 1.2,
            "gamma1": 0.8,
            "gamma2": 0.4,
            "dead_zone": 0.02,
        }
&gt;       return build_controller(
            "hybrid_adaptive_sta_smc",
            ctrl_cfg,
            allow_unknown=True,
            config=config
        )

tests\test_controllers\test_hybrid_adaptive_sta_smc.py:25: 
_ _ _ _ _ _ _ _ _ _ _ _ _ _ _ _ _ _ _ _ _ _ _ _ _ _ _ _ _ _ _ _ _ _ _ _ _ _ _ _
src\controllers\factory.py:511: in build_controller
    return _legacy_create_controller(name, cfg, config, gains, allow_unknown)
           ^^^^^^^^^^^^^^^^^^^^^^^^^^^^^^^^^^^^^^^^^^^^^^^^^^^^^^^^^^^^^^^^^^
_ _ _ _ _ _ _ _ _ _ _ _ _ _ _ _ _ _ _ _ _ _ _ _ _ _ _ _ _ _ _ _ _ _ _ _ _ _ _ _

ctrl_name = 'hybrid_adaptive_sta_smc'
ctrl_cfg = {'dead_zone': 0.02, 'dt': 0.001, 'gains': [5.0, 3.0, 5.0, 1.8], 'gamma1': 0.8, ...}
config = &lt;test_streamlit_app.install_fake_modules.&lt;locals&gt;.Cfg object at 0x000002907FAC6FD0&gt;
gains = None, allow_unknown = True

    def _legacy_create_controller(
        ctrl_name: str,
        ctrl_cfg: Any,
        config: Optional[Any],
        gains: Optional[List[float]],
        allow_unknown: bool
    ) -&gt; Any:
        """Legacy controller creation for backward compatibility."""
        # Load config if needed
        if config is None:
            if load_config is None:
                raise RuntimeError("No configuration loader available. Provide 'config' explicitly.")
            config = load_config("config.yaml")
    
        # Handle global seed if present
        try:
            if hasattr(config, "global_seed") and config.global_seed is not None:
                set_global_seed(config.global_seed)
                logger.debug(f"Set global seed to {config.global_seed}")
        except Exception as e:
            logger.debug(f"Could not set global seed: {e}")
    
        key = normalize_controller_name(ctrl_name)
    
        # Get controllers from config
        controllers_map = _as_dict(getattr(config, "controllers", {}))
    
        # Legacy classical_smc aliasing
        if key not in controllers_map and key == "classical_smc" and "classic_smc" in controllers_map:
            key = "classic_smc"
    
        if key not in controllers_map:
            available = "none configured" if len(controllers_map) == 0 else ", ".join(sorted(controllers_map.keys()))
&gt;           raise FactoryConfigurationError(
                f"Controller '{ctrl_name}' not found in config.controllers. Available: {available}"
            )
E           src.controllers.factory.FactoryConfigurationError: Controller 'hybrid_adaptive_sta_smc' not found in config.controllers. Available: SMC

src\controllers\factory.py:607: FactoryConfigurationError</error></testcase><testcase classname="tests.test_controllers.test_hybrid_extra" name="test_dead_zone_freezes_int_and_gains" time="0.002" /><testcase classname="tests.test_controllers.test_hybrid_extra" name="test_anti_windup_rolls_back_integral" time="0.001" /><testcase classname="tests.test_controllers.test_hybrid_extra" name="test_adaptation_rate_limit_and_clip" time="0.272" /><testcase classname="tests.test_controllers.test_hybrid_extra" name="test_saturation_respected" time="0.003" /><testcase classname="tests.test_controllers.test_hybrid_extra" name="test_u_eq_safety_zero_on_bad_condition" time="0.001" /><testcase classname="tests.test_controllers.test_hybrid_extra" name="test_reproducible_trajectories" time="0.002" /><testcase classname="tests.test_controllers.test_hybrid_extra" name="test_robustness_sweep[0.0005-0.15--0.1]" time="0.003"><failure message="AssertionError: assert np.False_&#10; +  where np.False_ = &lt;function all at 0x000002907A299370&gt;(array([0.  , 0.15, 0.1 ]) &lt; 0.05)&#10; +    where &lt;function all at 0x000002907A299370&gt; = np.all&#10; +    and   array([0.  , 0.15, 0.1 ]) = &lt;ufunc 'absolute'&gt;(array([ 0.  ,  0.15, -0.1 ]))&#10; +      where &lt;ufunc 'absolute'&gt; = np.abs">make_hybrid = &lt;function make_hybrid.&lt;locals&gt;._make at 0x000002900E19B240&gt;
full_dynamics = &lt;test_streamlit_app.install_fake_modules.&lt;locals&gt;.DIP object at 0x000002907FAC7890&gt;
dt = 0.0005, th1 = 0.15, th2 = -0.1

    @pytest.mark.parametrize(
        "dt,th1,th2",
        [
            (0.0005, 0.15, -0.10),
            (0.0010, 0.20, -0.15),
            (0.0015, 0.12, -0.08),
        ],
    )
    def test_robustness_sweep(make_hybrid, full_dynamics, dt, th1, th2):
        """Controller should stabilise a range of initial perturbations without NaNs or saturation."""
        from src.core.simulation_runner import run_simulation
        ctrl = make_hybrid(dt=dt)
        if hasattr(ctrl, "set_dynamics"):
            ctrl.set_dynamics(full_dynamics)
        x0 = np.array([0.0, th1, th2, 0.0, 0.0, 0.0], dtype=float)
        _, X, U = run_simulation(controller=ctrl, dynamics_model=full_dynamics, sim_time=5.0, dt=dt, initial_state=x0)
        # Ensure no infinities or NaNs in the state trajectory
        assert np.all(np.isfinite(X))
        # Control should respect the actuator limit
        assert np.max(np.abs(U)) &lt;= ctrl.max_force + 1e-9
        # Final angles should be close to upright
&gt;       assert np.all(np.abs(X[-1, :3]) &lt; 0.05)
E       AssertionError: assert np.False_
E        +  where np.False_ = &lt;function all at 0x000002907A299370&gt;(array([0.  , 0.15, 0.1 ]) &lt; 0.05)
E        +    where &lt;function all at 0x000002907A299370&gt; = np.all
E        +    and   array([0.  , 0.15, 0.1 ]) = &lt;ufunc 'absolute'&gt;(array([ 0.  ,  0.15, -0.1 ]))
E        +      where &lt;ufunc 'absolute'&gt; = np.abs

tests\test_controllers\test_hybrid_extra.py:198: AssertionError</failure></testcase><testcase classname="tests.test_controllers.test_hybrid_extra" name="test_robustness_sweep[0.001-0.2--0.15]" time="0.002"><failure message="AssertionError: assert np.False_&#10; +  where np.False_ = &lt;function all at 0x000002907A299370&gt;(array([0.  , 0.2 , 0.15]) &lt; 0.05)&#10; +    where &lt;function all at 0x000002907A299370&gt; = np.all&#10; +    and   array([0.  , 0.2 , 0.15]) = &lt;ufunc 'absolute'&gt;(array([ 0.  ,  0.2 , -0.15]))&#10; +      where &lt;ufunc 'absolute'&gt; = np.abs">make_hybrid = &lt;function make_hybrid.&lt;locals&gt;._make at 0x000002900E199EE0&gt;
full_dynamics = &lt;test_streamlit_app.install_fake_modules.&lt;locals&gt;.DIP object at 0x000002907FAC7890&gt;
dt = 0.001, th1 = 0.2, th2 = -0.15

    @pytest.mark.parametrize(
        "dt,th1,th2",
        [
            (0.0005, 0.15, -0.10),
            (0.0010, 0.20, -0.15),
            (0.0015, 0.12, -0.08),
        ],
    )
    def test_robustness_sweep(make_hybrid, full_dynamics, dt, th1, th2):
        """Controller should stabilise a range of initial perturbations without NaNs or saturation."""
        from src.core.simulation_runner import run_simulation
        ctrl = make_hybrid(dt=dt)
        if hasattr(ctrl, "set_dynamics"):
            ctrl.set_dynamics(full_dynamics)
        x0 = np.array([0.0, th1, th2, 0.0, 0.0, 0.0], dtype=float)
        _, X, U = run_simulation(controller=ctrl, dynamics_model=full_dynamics, sim_time=5.0, dt=dt, initial_state=x0)
        # Ensure no infinities or NaNs in the state trajectory
        assert np.all(np.isfinite(X))
        # Control should respect the actuator limit
        assert np.max(np.abs(U)) &lt;= ctrl.max_force + 1e-9
        # Final angles should be close to upright
&gt;       assert np.all(np.abs(X[-1, :3]) &lt; 0.05)
E       AssertionError: assert np.False_
E        +  where np.False_ = &lt;function all at 0x000002907A299370&gt;(array([0.  , 0.2 , 0.15]) &lt; 0.05)
E        +    where &lt;function all at 0x000002907A299370&gt; = np.all
E        +    and   array([0.  , 0.2 , 0.15]) = &lt;ufunc 'absolute'&gt;(array([ 0.  ,  0.2 , -0.15]))
E        +      where &lt;ufunc 'absolute'&gt; = np.abs

tests\test_controllers\test_hybrid_extra.py:198: AssertionError</failure></testcase><testcase classname="tests.test_controllers.test_hybrid_extra" name="test_robustness_sweep[0.0015-0.12--0.08]" time="0.003"><failure message="AssertionError: assert np.False_&#10; +  where np.False_ = &lt;function all at 0x000002907A299370&gt;(array([0.  , 0.12, 0.08]) &lt; 0.05)&#10; +    where &lt;function all at 0x000002907A299370&gt; = np.all&#10; +    and   array([0.  , 0.12, 0.08]) = &lt;ufunc 'absolute'&gt;(array([ 0.  ,  0.12, -0.08]))&#10; +      where &lt;ufunc 'absolute'&gt; = np.abs">make_hybrid = &lt;function make_hybrid.&lt;locals&gt;._make at 0x000002900E19B7E0&gt;
full_dynamics = &lt;test_streamlit_app.install_fake_modules.&lt;locals&gt;.DIP object at 0x000002907FAC7890&gt;
dt = 0.0015, th1 = 0.12, th2 = -0.08

    @pytest.mark.parametrize(
        "dt,th1,th2",
        [
            (0.0005, 0.15, -0.10),
            (0.0010, 0.20, -0.15),
            (0.0015, 0.12, -0.08),
        ],
    )
    def test_robustness_sweep(make_hybrid, full_dynamics, dt, th1, th2):
        """Controller should stabilise a range of initial perturbations without NaNs or saturation."""
        from src.core.simulation_runner import run_simulation
        ctrl = make_hybrid(dt=dt)
        if hasattr(ctrl, "set_dynamics"):
            ctrl.set_dynamics(full_dynamics)
        x0 = np.array([0.0, th1, th2, 0.0, 0.0, 0.0], dtype=float)
        _, X, U = run_simulation(controller=ctrl, dynamics_model=full_dynamics, sim_time=5.0, dt=dt, initial_state=x0)
        # Ensure no infinities or NaNs in the state trajectory
        assert np.all(np.isfinite(X))
        # Control should respect the actuator limit
        assert np.max(np.abs(U)) &lt;= ctrl.max_force + 1e-9
        # Final angles should be close to upright
&gt;       assert np.all(np.abs(X[-1, :3]) &lt; 0.05)
E       AssertionError: assert np.False_
E        +  where np.False_ = &lt;function all at 0x000002907A299370&gt;(array([0.  , 0.12, 0.08]) &lt; 0.05)
E        +    where &lt;function all at 0x000002907A299370&gt; = np.all
E        +    and   array([0.  , 0.12, 0.08]) = &lt;ufunc 'absolute'&gt;(array([ 0.  ,  0.12, -0.08]))
E        +      where &lt;ufunc 'absolute'&gt; = np.abs

tests\test_controllers\test_hybrid_extra.py:198: AssertionError</failure></testcase><testcase classname="tests.test_controllers.test_hybrid_extra" name="test_gain_growth_slows_in_second_half" time="1.414"><failure message="assert np.float64(-4.2613352380251477e-116) &lt;= (np.float64(-9.996470588235294e-06) + 1e-09)">make_hybrid = &lt;function make_hybrid.&lt;locals&gt;._make at 0x000002900E19BBA0&gt;
full_dynamics = &lt;test_streamlit_app.install_fake_modules.&lt;locals&gt;.DIP object at 0x000002907FAC7890&gt;
initial_state = array([ 0.  ,  0.1 , -0.05,  0.  ,  0.  ,  0.  ])

    def test_gain_growth_slows_in_second_half(make_hybrid, full_dynamics, initial_state):
        """Adaptive gains should grow more slowly in the second half of a simulation."""
        from src.core.simulation_runner import run_simulation
        ctrl = make_hybrid()
        if hasattr(ctrl, "set_dynamics"):
            ctrl.set_dynamics(full_dynamics)
        # Run a moderately long simulation to gather a history
        _, X, _ = run_simulation(controller=ctrl, dynamics_model=full_dynamics, sim_time=10.0, dt=0.001, initial_state=initial_state)
        # Recompute control offline to collect gain histories
        state_vars, history = _init_sv_hist(ctrl)
        for state in X:
            _, state_vars, history = _compute(ctrl, state, state_vars, history)
        k1_hist = np.array(history.get("k1", []), dtype=float)
        k2_hist = np.array(history.get("k2", []), dtype=float)
        # Compute mean increment in the first and second halves
        n = len(k1_hist)
        if n &lt; 4:
            pytest.skip("Not enough samples to assess gain growth")
        mid = n // 2
        inc1_k1 = (k1_hist[mid] - k1_hist[0]) / max(1, mid)
        inc2_k1 = (k1_hist[-1] - k1_hist[mid]) / max(1, n - mid)
        inc1_k2 = (k2_hist[mid] - k2_hist[0]) / max(1, mid)
        inc2_k2 = (k2_hist[-1] - k2_hist[mid]) / max(1, n - mid)
&gt;       assert inc2_k1 &lt;= inc1_k1 + 1e-9
E       assert np.float64(-4.2613352380251477e-116) &lt;= (np.float64(-9.996470588235294e-06) + 1e-09)

tests\test_controllers\test_hybrid_extra.py:224: AssertionError</failure></testcase><testcase classname="tests.test_controllers.test_hybrid_extra" name="test_long_run_no_drift" time="0.003"><failure message="AssertionError: assert np.False_&#10; +  where np.False_ = &lt;function all at 0x000002907A299370&gt;(array([0.  , 0.1 , 0.05]) &lt; 0.02)&#10; +    where &lt;function all at 0x000002907A299370&gt; = np.all&#10; +    and   array([0.  , 0.1 , 0.05]) = &lt;ufunc 'absolute'&gt;(array([ 0.  ,  0.1 , -0.05]))&#10; +      where &lt;ufunc 'absolute'&gt; = np.abs">make_hybrid = &lt;function make_hybrid.&lt;locals&gt;._make at 0x000002900E19A7A0&gt;
full_dynamics = &lt;test_streamlit_app.install_fake_modules.&lt;locals&gt;.DIP object at 0x000002907FAC7890&gt;
initial_state = array([ 0.  ,  0.1 , -0.05,  0.  ,  0.  ,  0.  ])

    @pytest.mark.slow
    def test_long_run_no_drift(make_hybrid, full_dynamics, initial_state):
        """Over a long duration the controller should stabilise without drift."""
        from src.core.simulation_runner import run_simulation
        ctrl = make_hybrid()
        if hasattr(ctrl, "set_dynamics"):
            ctrl.set_dynamics(full_dynamics)
        _, X, U = run_simulation(controller=ctrl, dynamics_model=full_dynamics, sim_time=30.0, dt=0.001, initial_state=initial_state)
        # Actuator should respect its limit even over long horizons
        assert np.max(np.abs(U)) &lt;= ctrl.max_force + 1e-9
        # Final state should be close to the upright equilibrium
&gt;       assert np.all(np.abs(X[-1, :3]) &lt; 0.02)
E       AssertionError: assert np.False_
E        +  where np.False_ = &lt;function all at 0x000002907A299370&gt;(array([0.  , 0.1 , 0.05]) &lt; 0.02)
E        +    where &lt;function all at 0x000002907A299370&gt; = np.all
E        +    and   array([0.  , 0.1 , 0.05]) = &lt;ufunc 'absolute'&gt;(array([ 0.  ,  0.1 , -0.05]))
E        +      where &lt;ufunc 'absolute'&gt; = np.abs

tests\test_controllers\test_hybrid_extra.py:239: AssertionError</failure></testcase><testcase classname="tests.test_controllers.test_mpc_consolidated" name="test_mpc_optional_dep_and_param_validation" time="0.003"><failure message="ValueError: Controller 'mpc_controller' is not a recognized type">name = 'mpc_controller', kwargs = {}, controller_name = 'mpc_controller'
normalized_kwargs = {'config': &lt;test_mpc_consolidated.test_mpc_optional_dep_and_param_validation.&lt;locals&gt;.CfgA object at 0x000002907F505010&gt;, 'gains': None}
gains = None

    def create_controller(name: str, /, **kwargs: Any) -&gt; Any:
        """
        Backwards-compatible convenience wrapper used by tests and the CLI.
        Delegates to build_controller() so mapping/validation stays centralized.
    
        Parameters
        ----------
        name : str
            Controller name (aliases allowed).
        **kwargs :
            Per-controller constructor args (e.g., gains, dt, max_force).
        """
        # Unknown *controller names* must still raise.
        # allow_unknown=True relaxes parameter filtering only.
    
        # Normalize controller name
        controller_name = normalize_controller_name(name)
    
        # Check registry first
        with CONTROLLER_REGISTRY_LOCK:
            if controller_name in CONTROLLER_REGISTRY:
                return build_controller(name, kwargs, allow_unknown=True)
    
        # For tests and direct usage, try to create directly without config.yaml
        # Apply deprecation mapping first
        normalized_kwargs = apply_deprecation_mapping(controller_name, kwargs, allow_unknown=True)
    
        # Handle direct controller construction for common cases
        if controller_name == "classical_smc" and ClassicalSMC is not None:
            # Extract required parameters
            gains = normalized_kwargs.get('gains')
            if gains is None:
                raise ValueError(f"Controller '{name}': gains parameter is required")
    
            max_force = normalized_kwargs.get('max_force', 20.0)
            boundary_layer = normalized_kwargs.get('boundary_layer', 0.01)
    
            # Filter known parameters
            known_params = {
                'gains': gains,
                'max_force': max_force,
                'boundary_layer': boundary_layer,
                'dynamics_model': normalized_kwargs.get('dynamics_model'),
                'regularization': normalized_kwargs.get('regularization', 1e-10),
                'switch_method': normalized_kwargs.get('switch_method', 'tanh'),
            }
    
            # Remove None values
            filtered_params = {k: v for k, v in known_params.items() if v is not None}
    
            return ClassicalSMC(**filtered_params)
    
        elif controller_name == "sta_smc" and SuperTwistingSMC is not None:
            # Similar handling for SuperTwistingSMC
            gains = normalized_kwargs.get('gains')
            if gains is None:
                raise ValueError(f"Controller '{name}': gains parameter is required")
    
            max_force = normalized_kwargs.get('max_force', 20.0)
            boundary_layer = normalized_kwargs.get('boundary_layer', 0.01)
            dt = normalized_kwargs.get('dt', 0.01)
    
            known_params = {
                'gains': gains,
                'max_force': max_force,
                'boundary_layer': boundary_layer,
                'dt': dt,
                'dynamics_model': normalized_kwargs.get('dynamics_model'),
                'damping_gain': normalized_kwargs.get('damping_gain', 0.0),
                'regularization': normalized_kwargs.get('regularization', 1e-10),
                'switch_method': normalized_kwargs.get('switch_method', 'tanh'),
            }
    
            # Handle optional anti_windup_gain
            if 'anti_windup_gain' in normalized_kwargs:
                known_params['anti_windup_gain'] = normalized_kwargs['anti_windup_gain']
    
            filtered_params = {k: v for k, v in known_params.items() if v is not None}
    
            return SuperTwistingSMC(**filtered_params)
    
        elif controller_name == "adaptive_smc" and AdaptiveSMC is not None:
            # Similar handling for AdaptiveSMC with required defaults
            gains = normalized_kwargs.get('gains')
            if gains is None:
                raise ValueError(f"Controller '{name}': gains parameter is required")
    
            known_params = {
                'gains': gains,
                'dt': normalized_kwargs.get('dt', 0.01),
                'max_force': normalized_kwargs.get('max_force', 20.0),
                'leak_rate': normalized_kwargs.get('leak_rate', 0.1),
                'dead_zone': normalized_kwargs.get('dead_zone', 0.01),
                'adapt_rate_limit': normalized_kwargs.get('adapt_rate_limit', 100.0),
                'K_min': normalized_kwargs.get('K_min', 0.1),
                'K_max': normalized_kwargs.get('K_max', 100.0),
                'smooth_switch': normalized_kwargs.get('smooth_switch', True),
                'boundary_layer': normalized_kwargs.get('boundary_layer', 0.01),
                'K_init': normalized_kwargs.get('K_init', 10.0),
                'alpha': normalized_kwargs.get('alpha', 0.5),
            }
    
            # All parameters have defaults, so just pass them all
            return AdaptiveSMC(**known_params)
    
        # For unknown controller names or when direct construction fails,
        # fall back to full build_controller with config loading
        try:
            config = kwargs.pop('config', None)
            gains = kwargs.pop('gains', None)
    
&gt;           return build_controller(
                name,
                kwargs,
                config=config,
                gains=gains,
                allow_unknown=True
            )

src\controllers\factory.py:1162: 
_ _ _ _ _ _ _ _ _ _ _ _ _ _ _ _ _ _ _ _ _ _ _ _ _ _ _ _ _ _ _ _ _ _ _ _ _ _ _ _
src\controllers\factory.py:511: in build_controller
    return _legacy_create_controller(name, cfg, config, gains, allow_unknown)
           ^^^^^^^^^^^^^^^^^^^^^^^^^^^^^^^^^^^^^^^^^^^^^^^^^^^^^^^^^^^^^^^^^^
src\controllers\factory.py:689: in _legacy_create_controller
    return _build_mpc_controller(key, ctrl_cfg_dict, config, gains, shared_dt, shared_max_force, allow_unknown)
           ^^^^^^^^^^^^^^^^^^^^^^^^^^^^^^^^^^^^^^^^^^^^^^^^^^^^^^^^^^^^^^^^^^^^^^^^^^^^^^^^^^^^^^^^^^^^^^^^^^^^
_ _ _ _ _ _ _ _ _ _ _ _ _ _ _ _ _ _ _ _ _ _ _ _ _ _ _ _ _ _ _ _ _ _ _ _ _ _ _ _

key = 'mpc_controller'
ctrl_cfg_dict = {'horizon': 5, 'q_theta': 1.0, 'q_x': 1.0, 'r_u': 0.1}
config = &lt;test_mpc_consolidated.test_mpc_optional_dep_and_param_validation.&lt;locals&gt;.CfgA object at 0x000002907F505010&gt;
gains = None, shared_dt = 0.01, shared_max_force = 20.0, allow_unknown = True

    def _build_mpc_controller(key, ctrl_cfg_dict, config, gains, shared_dt, shared_max_force, allow_unknown):
        if MPCController is None:
[...]
                 ^^^^^^^^^^^^^^^^^^^^^^^^^^^^^^^^^^^^^^^^^^^^^^^^^^^

tests\test_optimizer\test_pso_enhancements.py:220: 
_ _ _ _ _ _ _ _ _ _ _ _ _ _ _ _ _ _ _ _ _ _ _ _ _ _ _ _ _ _ _ _ _ _ _ _ _ _ _ _
C:\Users\sadeg\AppData\Local\Programs\Python\Python313\Lib\unittest\mock.py:1481: in __enter__
    self.target = self.getter()
                  ^^^^^^^^^^^^^
C:\Users\sadeg\AppData\Local\Programs\Python\Python313\Lib\pkgutil.py:513: in resolve_name
    mod = importlib.import_module(modname)
          ^^^^^^^^^^^^^^^^^^^^^^^^^^^^^^^^
C:\Users\sadeg\AppData\Local\Programs\Python\Python313\Lib\importlib\__init__.py:88: in import_module
    return _bootstrap._gcd_import(name[level:], package, level)
           ^^^^^^^^^^^^^^^^^^^^^^^^^^^^^^^^^^^^^^^^^^^^^^^^^^^^
&lt;frozen importlib._bootstrap&gt;:1387: in _gcd_import
    ???
&lt;frozen importlib._bootstrap&gt;:1360: in _find_and_load
    ???
_ _ _ _ _ _ _ _ _ _ _ _ _ _ _ _ _ _ _ _ _ _ _ _ _ _ _ _ _ _ _ _ _ _ _ _ _ _ _ _

name = 'pyswarms', import_ = &lt;function _gcd_import at 0x0000029068B704A0&gt;

&gt;   ???
E   ModuleNotFoundError: No module named 'pyswarms'

&lt;frozen importlib._bootstrap&gt;:1324: ModuleNotFoundError</failure></testcase><testcase classname="tests.test_optimizer.test_reoptimization_script" name="test_main_script_flow" time="0.008" /><testcase classname="tests.test_property_based" name="test_cross_field_acceptance_covered" time="0.056"><failure message="TypeError: unhashable type: 'types.SimpleNamespace'">@given(sc=st.lists(alpha, min_size=1, max_size=5))
&gt;   @settings(deadline=None, max_examples=50)
                   ^^^

tests\test_property_based.py:26: 
_ _ _ _ _ _ _ _ _ _ _ _ _ _ _ _ _ _ _ _ _ _ _ _ _ _ _ _ _ _ _ _ _ _ _ _ _ _ _ _
C:\Users\sadeg\AppData\Local\Programs\Python\Python313\Lib\site-packages\hypothesis\internal\conjecture\engine.py:929: in run
    self._run()
C:\Users\sadeg\AppData\Local\Programs\Python\Python313\Lib\site-packages\hypothesis\internal\conjecture\engine.py:1499: in _run
    self.generate_new_examples()
C:\Users\sadeg\AppData\Local\Programs\Python\Python313\Lib\site-packages\hypothesis\internal\conjecture\engine.py:1202: in generate_new_examples
    prefix = self.generate_novel_prefix()
             ^^^^^^^^^^^^^^^^^^^^^^^^^^^^
C:\Users\sadeg\AppData\Local\Programs\Python\Python313\Lib\site-packages\hypothesis\internal\conjecture\engine.py:722: in generate_novel_prefix
    return self.tree.generate_novel_prefix(self.random)
           ^^^^^^^^^^^^^^^^^^^^^^^^^^^^^^^^^^^^^^^^^^^^
C:\Users\sadeg\AppData\Local\Programs\Python\Python313\Lib\site-packages\hypothesis\internal\conjecture\datatree.py:783: in generate_novel_prefix
    node_value = self._draw(
C:\Users\sadeg\AppData\Local\Programs\Python\Python313\Lib\site-packages\hypothesis\internal\conjecture\datatree.py:894: in _draw
    value = draw_choice(choice_type, constraints, random=random)
            ^^^^^^^^^^^^^^^^^^^^^^^^^^^^^^^^^^^^^^^^^^^^^^^^^^^^
C:\Users\sadeg\AppData\Local\Programs\Python\Python313\Lib\site-packages\hypothesis\internal\conjecture\data.py:1381: in draw_choice
    return cast(ChoiceT, getattr(cd.provider, f"draw_{choice_type}")(**constraints))
                         ^^^^^^^^^^^^^^^^^^^^^^^^^^^^^^^^^^^^^^^^^^^^^^^^^^^^^^^^^^
C:\Users\sadeg\AppData\Local\Programs\Python\Python313\Lib\site-packages\hypothesis\internal\conjecture\providers.py:893: in draw_string
    constant := self._maybe_draw_constant(
C:\Users\sadeg\AppData\Local\Programs\Python\Python313\Lib\site-packages\hypothesis\internal\conjecture\providers.py:694: in _maybe_draw_constant
    assert self._local_constants is not None
           ^^^^^^^^^^^^^^^^^^^^^
C:\Users\sadeg\AppData\Local\Programs\Python\Python313\Lib\functools.py:1026: in __get__
    val = self.func(instance)
          ^^^^^^^^^^^^^^^^^^^
C:\Users\sadeg\AppData\Local\Programs\Python\Python313\Lib\site-packages\hypothesis\internal\conjecture\providers.py:677: in _local_constants
    return _get_local_constants()
           ^^^^^^^^^^^^^^^^^^^^^^
_ _ _ _ _ _ _ _ _ _ _ _ _ _ _ _ _ _ _ _ _ _ _ _ _ _ _ _ _ _ _ _ _ _ _ _ _ _ _ _

    def _get_local_constants() -&gt; Constants:
        global _sys_modules_len, _local_constants
    
        if sys.platform == "emscripten":  # pragma: no cover
            # pyodide builds bundle the stdlib in a nonstandard location, like
            # `/lib/python312.zip/heapq.py`. To avoid identifying the entirety of
            # the stdlib as local code and slowing down on emscripten, instead return
            # that nothing is local.
            #
            # pyodide may provide some way to distinguish stdlib/third-party/local
            # code. I haven't looked into it. If they do, we should correctly implement
            # ModuleLocation for pyodide instead of this.
            return _local_constants
    
        count_constants = len(_local_constants)
        # We call this function once per HypothesisProvider instance, i.e. once per
        # input, so it needs to be performant. The logic here is more complicated
        # than necessary because of this.
        #
        # First, we check whether there are any new modules with a very cheap length
        # check. This check can be fooled if a module is added while another module is
        # removed, but the more correct check against tuple(sys.modules.keys()) is
        # substantially more expensive. Such a new module would eventually be discovered
        # if / when the length changes again in the future.
        #
        # If the length has changed, we find just modules we haven't seen before. Of
        # those, we find the ones which correspond to local modules, and extract their
        # constants.
    
        # careful: store sys.modules length when we first check to avoid race conditions
        # with other threads loading a module before we set _sys_modules_len.
        if (sys_modules_len := len(sys.modules)) != _sys_modules_len:
            # set(_seen_modules) shouldn't typically be required, but I have run into
            # a "set changed size during iteration" error here when running
            # test_provider_conformance_crosshair.
&gt;           new_modules = set(sys.modules.values()) - set(_seen_modules)
                          ^^^^^^^^^^^^^^^^^^^^^^^^^
E           TypeError: unhashable type: 'types.SimpleNamespace'

C:\Users\sadeg\AppData\Local\Programs\Python\Python313\Lib\site-packages\hypothesis\internal\conjecture\providers.py:280: TypeError</failure></testcase><testcase classname="tests.test_property_based" name="test_cross_field_acceptance_missing_trips_error" time="0.021"><failure message="TypeError: unhashable type: 'types.SimpleNamespace'">@given(sc=st.lists(alpha, min_size=1, max_size=3))
&gt;   @settings(deadline=None, max_examples=50)
                   ^^^

tests\test_property_based.py:34: 
_ _ _ _ _ _ _ _ _ _ _ _ _ _ _ _ _ _ _ _ _ _ _ _ _ _ _ _ _ _ _ _ _ _ _ _ _ _ _ _
C:\Users\sadeg\AppData\Local\Programs\Python\Python313\Lib\site-packages\hypothesis\internal\conjecture\engine.py:929: in run
    self._run()
C:\Users\sadeg\AppData\Local\Programs\Python\Python313\Lib\site-packages\hypothesis\internal\conjecture\engine.py:1499: in _run
    self.generate_new_examples()
C:\Users\sadeg\AppData\Local\Programs\Python\Python313\Lib\site-packages\hypothesis\internal\conjecture\engine.py:1202: in generate_new_examples
    prefix = self.generate_novel_prefix()
             ^^^^^^^^^^^^^^^^^^^^^^^^^^^^
C:\Users\sadeg\AppData\Local\Programs\Python\Python313\Lib\site-packages\hypothesis\internal\conjecture\engine.py:722: in generate_novel_prefix
    return self.tree.generate_novel_prefix(self.random)
           ^^^^^^^^^^^^^^^^^^^^^^^^^^^^^^^^^^^^^^^^^^^^
C:\Users\sadeg\AppData\Local\Programs\Python\Python313\Lib\site-packages\hypothesis\internal\conjecture\datatree.py:783: in generate_novel_prefix
    node_value = self._draw(
C:\Users\sadeg\AppData\Local\Programs\Python\Python313\Lib\site-packages\hypothesis\internal\conjecture\datatree.py:894: in _draw
    value = draw_choice(choice_type, constraints, random=random)
            ^^^^^^^^^^^^^^^^^^^^^^^^^^^^^^^^^^^^^^^^^^^^^^^^^^^^
C:\Users\sadeg\AppData\Local\Programs\Python\Python313\Lib\site-packages\hypothesis\internal\conjecture\data.py:1381: in draw_choice
    return cast(ChoiceT, getattr(cd.provider, f"draw_{choice_type}")(**constraints))
                         ^^^^^^^^^^^^^^^^^^^^^^^^^^^^^^^^^^^^^^^^^^^^^^^^^^^^^^^^^^
C:\Users\sadeg\AppData\Local\Programs\Python\Python313\Lib\site-packages\hypothesis\internal\conjecture\providers.py:893: in draw_string
    constant := self._maybe_draw_constant(
C:\Users\sadeg\AppData\Local\Programs\Python\Python313\Lib\site-packages\hypothesis\internal\conjecture\providers.py:694: in _maybe_draw_constant
    assert self._local_constants is not None
           ^^^^^^^^^^^^^^^^^^^^^
C:\Users\sadeg\AppData\Local\Programs\Python\Python313\Lib\functools.py:1026: in __get__
    val = self.func(instance)
          ^^^^^^^^^^^^^^^^^^^
C:\Users\sadeg\AppData\Local\Programs\Python\Python313\Lib\site-packages\hypothesis\internal\conjecture\providers.py:677: in _local_constants
    return _get_local_constants()
           ^^^^^^^^^^^^^^^^^^^^^^
_ _ _ _ _ _ _ _ _ _ _ _ _ _ _ _ _ _ _ _ _ _ _ _ _ _ _ _ _ _ _ _ _ _ _ _ _ _ _ _

    def _get_local_constants() -&gt; Constants:
        global _sys_modules_len, _local_constants
    
        if sys.platform == "emscripten":  # pragma: no cover
            # pyodide builds bundle the stdlib in a nonstandard location, like
            # `/lib/python312.zip/heapq.py`. To avoid identifying the entirety of
            # the stdlib as local code and slowing down on emscripten, instead return
            # that nothing is local.
            #
            # pyodide may provide some way to distinguish stdlib/third-party/local
            # code. I haven't looked into it. If they do, we should correctly implement
            # ModuleLocation for pyodide instead of this.
            return _local_constants
    
        count_constants = len(_local_constants)
        # We call this function once per HypothesisProvider instance, i.e. once per
        # input, so it needs to be performant. The logic here is more complicated
        # than necessary because of this.
        #
        # First, we check whether there are any new modules with a very cheap length
        # check. This check can be fooled if a module is added while another module is
        # removed, but the more correct check against tuple(sys.modules.keys()) is
        # substantially more expensive. Such a new module would eventually be discovered
        # if / when the length changes again in the future.
        #
        # If the length has changed, we find just modules we haven't seen before. Of
        # those, we find the ones which correspond to local modules, and extract their
        # constants.
    
        # careful: store sys.modules length when we first check to avoid race conditions
        # with other threads loading a module before we set _sys_modules_len.
        if (sys_modules_len := len(sys.modules)) != _sys_modules_len:
            # set(_seen_modules) shouldn't typically be required, but I have run into
            # a "set changed size during iteration" error here when running
            # test_provider_conformance_crosshair.
&gt;           new_modules = set(sys.modules.values()) - set(_seen_modules)
                          ^^^^^^^^^^^^^^^^^^^^^^^^^
E           TypeError: unhashable type: 'types.SimpleNamespace'

C:\Users\sadeg\AppData\Local\Programs\Python\Python313\Lib\site-packages\hypothesis\internal\conjecture\providers.py:280: TypeError</failure></testcase><testcase classname="tests.test_property_based" name="test_unknown_field_injection_detected" time="0.001" /><testcase classname="tests.test_utils.test_control_analysis_module" name="test_control_analysis_full_rank" time="0.001"><failure message="assert np.True_ is True">def test_control_analysis_full_rank() -&gt; None:
        """A simple second‑order system with non‑zero input should be controllable and observable."""
        # Double integrator system
        A = np.array([[0.0, 1.0], [0.0, 0.0]])
        B = np.array([[0.0], [1.0]])
        C = np.eye(2)
        ctrl, obs = check_controllability_observability(A, B, C)
&gt;       assert ctrl is True
E       assert np.True_ is True

tests\test_utils\test_control_analysis_module.py:28: AssertionError</failure></testcase><testcase classname="tests.test_utils.test_control_analysis_module" name="test_control_analysis_rank_deficient" time="0.002"><failure message="assert np.False_ is False">def test_control_analysis_rank_deficient() -&gt; None:
        """A system with zero input matrix is uncontrollable but still observable with full output."""
        # Identity dynamics with no control influence
        A = np.eye(2)
        B = np.zeros((2, 1))
        C = np.eye(2)
        ctrl, obs = check_controllability_observability(A, B, C)
&gt;       assert ctrl is False
E       assert np.False_ is False

tests\test_utils\test_control_analysis_module.py:39: AssertionError</failure></testcase><testcase classname="tests.test_utils.test_control_primitives" name="test_saturate_tanh" time="0.001" /><testcase classname="tests.test_utils.test_control_primitives" name="test_saturate_linear" time="0.001"><failure message="RuntimeWarning: The 'linear' switching method implements a piecewise‑linear saturation, which approximates the sign function poorly near zero and can degrade chattering performance.  Consider using 'tanh' for smoother control.">def test_saturate_linear():
&gt;       assert saturate(10, 1, method='linear') == 1.0
               ^^^^^^^^^^^^^^^^^^^^^^^^^^^^^^^^

tests\test_utils\test_control_primitives.py:12: 
_ _ _ _ _ _ _ _ _ _ _ _ _ _ _ _ _ _ _ _ _ _ _ _ _ _ _ _ _ _ _ _ _ _ _ _ _ _ _ _

sigma = 10, epsilon = 1, method = 'linear'

    def saturate(
        sigma: float | np.ndarray,
        epsilon: float,
        method: Literal["tanh", "linear"] = "tanh",
    ) -&gt; float | np.ndarray:
        """Continuous approximation of sign(sigma) within a boundary layer.
    
        Args:
            sigma: Sliding surface value(s).
            epsilon: Boundary-layer half-width in σ-space (must be &gt; 0).  # ε is the half-width in σ-space.
            method: "tanh" (default) uses tanh(sigma/epsilon);
                    "linear" uses clip(sigma/epsilon, -1, 1).
        Returns:
            Same shape as `sigma`.
    
        Notes
        -----
        The boundary layer width ``epsilon`` should be chosen based on the
        expected amplitude of measurement noise and the desired steady‑state
        accuracy.  A larger ``epsilon`` reduces chattering but introduces
        a finite steady‑state error; conversely, a smaller ``epsilon`` reduces
        error but may increase high‑frequency switching【538884328193976†L412-L423】.
    
        Raises:
            ValueError
                If ``epsilon &lt;= 0`` or an unknown ``method`` is provided.
        """
        if epsilon &lt;= 0:
            raise ValueError("boundary layer epsilon must be positive")
        s = np.asarray(sigma, dtype=float) / float(epsilon)
        if method == "tanh":
            return np.tanh(s)
        if method == "linear":
            # Warn users that the linear saturation approximates sign(sigma) poorly
            # near zero.  A piecewise‑linear approximation yields a sharp transition
            # at the boundary layer and can introduce larger steady‑state errors.
            # Sliding‑mode control theory recommends smooth approximations such
            # as tanh to mitigate chattering【676964782857750†L146-L149】.
            import warnings
&gt;           warnings.warn(
                "The 'linear' switching method implements a piecewise‑linear saturation, "
                "which approximates the sign function poorly near zero and can degrade "
                "chattering performance.  Consider using 'tanh' for smoother control.",
                RuntimeWarning,
            )
E           RuntimeWarning: The 'linear' switching method implements a piecewise‑linear saturation, which approximates the sign function poorly near zero and can degrade chattering performance.  Consider using 'tanh' for smoother control.

src\utils\control_primitives.py:145: RuntimeWarning</failure></testcase><testcase classname="tests.test_utils.test_control_primitives" name="test_saturate_zero_boundary" time="0.001" /><testcase classname="tests.test_utils.test_control_primitives_consolidated" name="test_control_primitives_core_behaviors" time="0.002"><failure message="RuntimeWarning: The 'linear' switching method implements a piecewise‑linear saturation, which approximates the sign function poorly near zero and can degrade chattering performance.  Consider using 'tanh' for smoother control.">def test_control_primitives_core_behaviors():
        # scalar tanh + linear basic
        assert np.isclose(saturate(0.0, 0.1), 0.0)
        assert saturate(100.0, 0.1) &gt; 0.999
        assert saturate(-100.0, 0.1) &lt; -0.999
&gt;       assert saturate(0.0, 1.0, method="linear") == 0.0
               ^^^^^^^^^^^^^^^^^^^^^^^^^^^^^^^^^^^

tests\test_utils\test_control_primitives_consolidated.py:10: 
_ _ _ _ _ _ _ _ _ _ _ _ _ _ _ _ _ _ _ _ _ _ _ _ _ _ _ _ _ _ _ _ _ _ _ _ _ _ _ _

sigma = 0.0, epsilon = 1.0, method = 'linear'

    def saturate(
        sigma: float | np.ndarray,
        epsilon: float,
        method: Literal["tanh", "linear"] = "tanh",
    ) -&gt; float | np.ndarray:
        """Continuous approximation of sign(sigma) within a boundary layer.
    
        Args:
            sigma: Sliding surface value(s).
            epsilon: Boundary-layer half-width in σ-space (must be &gt; 0).  # ε is the half-width in σ-space.
            method: "tanh" (default) uses tanh(sigma/epsilon);
                    "linear" uses clip(sigma/epsilon, -1, 1).
        Returns:
            Same shape as `sigma`.
    
        Notes
        -----
        The boundary layer width ``epsilon`` should be chosen based on the
        expected amplitude of measurement noise and the desired steady‑state
        accuracy.  A larger ``epsilon`` reduces chattering but introduces
        a finite steady‑state error; conversely, a smaller ``epsilon`` reduces
        error but may increase high‑frequency switching【538884328193976†L412-L423】.
    
        Raises:
            ValueError
                If ``epsilon &lt;= 0`` or an unknown ``method`` is provided.
        """
        if epsilon &lt;= 0:
            raise ValueError("boundary layer epsilon must be positive")
        s = np.asarray(sigma, dtype=float) / float(epsilon)
        if method == "tanh":
            return np.tanh(s)
        if method == "linear":
            # Warn users that the linear saturation approximates sign(sigma) poorly
            # near zero.  A piecewise‑linear approximation yields a sharp transition
            # at the boundary layer and can introduce larger steady‑state errors.
            # Sliding‑mode control theory recommends smooth approximations such
            # as tanh to mitigate chattering【676964782857750†L146-L149】.
            import warnings
&gt;           warnings.warn(
                "The 'linear' switching method implements a piecewise‑linear saturation, "
                "which approximates the sign function poorly near zero and can degrade "
                "chattering performance.  Consider using 'tanh' for smoother control.",
                RuntimeWarning,
            )
E           RuntimeWarning: The 'linear' switching method implements a piecewise‑linear saturation, which approximates the sign function poorly near zero and can degrade chattering performance.  Consider using 'tanh' for smoother control.

src\utils\control_primitives.py:145: RuntimeWarning</failure></testcase></testsuite></testsuites>